[2013-09-29 00:00:32,777][WARN ][cluster.service          ] [Living Brain] failed to reconnect to node [Living Brain][RlsrHEVMRsqJiRGRVO-PRA][inet[/10.205.139.22:9301]]
org.elasticsearch.transport.ConnectTransportException: [Living Brain][inet[/10.205.139.22:9301]] connect_timeout[30s]
	at org.elasticsearch.transport.netty.NettyTransport.connectToChannels(NettyTransport.java:675)
	at org.elasticsearch.transport.netty.NettyTransport.connectToNode(NettyTransport.java:608)
	at org.elasticsearch.transport.netty.NettyTransport.connectToNode(NettyTransport.java:576)
	at org.elasticsearch.transport.TransportService.connectToNode(TransportService.java:129)
	at org.elasticsearch.cluster.service.InternalClusterService$ReconnectToNodes.run(InternalClusterService.java:475)
	at java.util.concurrent.ThreadPoolExecutor.runWorker(ThreadPoolExecutor.java:1145)
	at java.util.concurrent.ThreadPoolExecutor$Worker.run(ThreadPoolExecutor.java:615)
	at java.lang.Thread.run(Thread.java:724)
Caused by: org.elasticsearch.common.netty.channel.ConnectTimeoutException: connection timed out: /10.205.139.22:9301
	at org.elasticsearch.common.netty.channel.socket.nio.NioClientBoss.processConnectTimeout(NioClientBoss.java:137)
	at org.elasticsearch.common.netty.channel.socket.nio.NioClientBoss.process(NioClientBoss.java:83)
	at org.elasticsearch.common.netty.channel.socket.nio.AbstractNioSelector.run(AbstractNioSelector.java:312)
	at org.elasticsearch.common.netty.channel.socket.nio.NioClientBoss.run(NioClientBoss.java:42)
	at org.elasticsearch.common.netty.util.ThreadRenamingRunnable.run(ThreadRenamingRunnable.java:108)
	at org.elasticsearch.common.netty.util.internal.DeadLockProofWorker$1.run(DeadLockProofWorker.java:42)
	... 3 more
[2013-09-29 00:04:33,656][WARN ][cluster.service          ] [Living Brain] failed to reconnect to node [Living Brain][RlsrHEVMRsqJiRGRVO-PRA][inet[/10.205.139.22:9301]]
org.elasticsearch.transport.ConnectTransportException: [Living Brain][inet[/10.205.139.22:9301]] connect_timeout[30s]
	at org.elasticsearch.transport.netty.NettyTransport.connectToChannels(NettyTransport.java:675)
	at org.elasticsearch.transport.netty.NettyTransport.connectToNode(NettyTransport.java:608)
	at org.elasticsearch.transport.netty.NettyTransport.connectToNode(NettyTransport.java:576)
	at org.elasticsearch.transport.TransportService.connectToNode(TransportService.java:129)
	at org.elasticsearch.cluster.service.InternalClusterService$ReconnectToNodes.run(InternalClusterService.java:475)
	at java.util.concurrent.ThreadPoolExecutor.runWorker(ThreadPoolExecutor.java:1145)
	at java.util.concurrent.ThreadPoolExecutor$Worker.run(ThreadPoolExecutor.java:615)
	at java.lang.Thread.run(Thread.java:724)
Caused by: org.elasticsearch.common.netty.channel.ConnectTimeoutException: connection timed out: /10.205.139.22:9301
	at org.elasticsearch.common.netty.channel.socket.nio.NioClientBoss.processConnectTimeout(NioClientBoss.java:137)
	at org.elasticsearch.common.netty.channel.socket.nio.NioClientBoss.process(NioClientBoss.java:83)
	at org.elasticsearch.common.netty.channel.socket.nio.AbstractNioSelector.run(AbstractNioSelector.java:312)
	at org.elasticsearch.common.netty.channel.socket.nio.NioClientBoss.run(NioClientBoss.java:42)
	at org.elasticsearch.common.netty.util.ThreadRenamingRunnable.run(ThreadRenamingRunnable.java:108)
	at org.elasticsearch.common.netty.util.internal.DeadLockProofWorker$1.run(DeadLockProofWorker.java:42)
	... 3 more
[2013-09-29 00:08:34,038][WARN ][cluster.service          ] [Living Brain] failed to reconnect to node [Living Brain][RlsrHEVMRsqJiRGRVO-PRA][inet[/10.205.139.22:9301]]
org.elasticsearch.transport.ConnectTransportException: [Living Brain][inet[/10.205.139.22:9301]] connect_timeout[30s]
	at org.elasticsearch.transport.netty.NettyTransport.connectToChannels(NettyTransport.java:675)
	at org.elasticsearch.transport.netty.NettyTransport.connectToNode(NettyTransport.java:608)
	at org.elasticsearch.transport.netty.NettyTransport.connectToNode(NettyTransport.java:576)
	at org.elasticsearch.transport.TransportService.connectToNode(TransportService.java:129)
	at org.elasticsearch.cluster.service.InternalClusterService$ReconnectToNodes.run(InternalClusterService.java:475)
	at java.util.concurrent.ThreadPoolExecutor.runWorker(ThreadPoolExecutor.java:1145)
	at java.util.concurrent.ThreadPoolExecutor$Worker.run(ThreadPoolExecutor.java:615)
	at java.lang.Thread.run(Thread.java:724)
Caused by: org.elasticsearch.common.netty.channel.ConnectTimeoutException: connection timed out: /10.205.139.22:9301
	at org.elasticsearch.common.netty.channel.socket.nio.NioClientBoss.processConnectTimeout(NioClientBoss.java:137)
	at org.elasticsearch.common.netty.channel.socket.nio.NioClientBoss.process(NioClientBoss.java:83)
	at org.elasticsearch.common.netty.channel.socket.nio.AbstractNioSelector.run(AbstractNioSelector.java:312)
	at org.elasticsearch.common.netty.channel.socket.nio.NioClientBoss.run(NioClientBoss.java:42)
	at org.elasticsearch.common.netty.util.ThreadRenamingRunnable.run(ThreadRenamingRunnable.java:108)
	at org.elasticsearch.common.netty.util.internal.DeadLockProofWorker$1.run(DeadLockProofWorker.java:42)
	... 3 more
[2013-09-29 00:12:34,477][WARN ][cluster.service          ] [Living Brain] failed to reconnect to node [Living Brain][RlsrHEVMRsqJiRGRVO-PRA][inet[/10.205.139.22:9301]]
org.elasticsearch.transport.ConnectTransportException: [Living Brain][inet[/10.205.139.22:9301]] connect_timeout[30s]
	at org.elasticsearch.transport.netty.NettyTransport.connectToChannels(NettyTransport.java:675)
	at org.elasticsearch.transport.netty.NettyTransport.connectToNode(NettyTransport.java:608)
	at org.elasticsearch.transport.netty.NettyTransport.connectToNode(NettyTransport.java:576)
	at org.elasticsearch.transport.TransportService.connectToNode(TransportService.java:129)
	at org.elasticsearch.cluster.service.InternalClusterService$ReconnectToNodes.run(InternalClusterService.java:475)
	at java.util.concurrent.ThreadPoolExecutor.runWorker(ThreadPoolExecutor.java:1145)
	at java.util.concurrent.ThreadPoolExecutor$Worker.run(ThreadPoolExecutor.java:615)
	at java.lang.Thread.run(Thread.java:724)
Caused by: org.elasticsearch.common.netty.channel.ConnectTimeoutException: connection timed out: /10.205.139.22:9301
	at org.elasticsearch.common.netty.channel.socket.nio.NioClientBoss.processConnectTimeout(NioClientBoss.java:137)
	at org.elasticsearch.common.netty.channel.socket.nio.NioClientBoss.process(NioClientBoss.java:83)
	at org.elasticsearch.common.netty.channel.socket.nio.AbstractNioSelector.run(AbstractNioSelector.java:312)
	at org.elasticsearch.common.netty.channel.socket.nio.NioClientBoss.run(NioClientBoss.java:42)
	at org.elasticsearch.common.netty.util.ThreadRenamingRunnable.run(ThreadRenamingRunnable.java:108)
	at org.elasticsearch.common.netty.util.internal.DeadLockProofWorker$1.run(DeadLockProofWorker.java:42)
	... 3 more
[2013-09-29 00:16:34,878][WARN ][cluster.service          ] [Living Brain] failed to reconnect to node [Living Brain][RlsrHEVMRsqJiRGRVO-PRA][inet[/10.205.139.22:9301]]
org.elasticsearch.transport.ConnectTransportException: [Living Brain][inet[/10.205.139.22:9301]] connect_timeout[30s]
	at org.elasticsearch.transport.netty.NettyTransport.connectToChannels(NettyTransport.java:675)
	at org.elasticsearch.transport.netty.NettyTransport.connectToNode(NettyTransport.java:608)
	at org.elasticsearch.transport.netty.NettyTransport.connectToNode(NettyTransport.java:576)
	at org.elasticsearch.transport.TransportService.connectToNode(TransportService.java:129)
	at org.elasticsearch.cluster.service.InternalClusterService$ReconnectToNodes.run(InternalClusterService.java:475)
	at java.util.concurrent.ThreadPoolExecutor.runWorker(ThreadPoolExecutor.java:1145)
	at java.util.concurrent.ThreadPoolExecutor$Worker.run(ThreadPoolExecutor.java:615)
	at java.lang.Thread.run(Thread.java:724)
Caused by: org.elasticsearch.common.netty.channel.ConnectTimeoutException: connection timed out: /10.205.139.22:9301
	at org.elasticsearch.common.netty.channel.socket.nio.NioClientBoss.processConnectTimeout(NioClientBoss.java:137)
	at org.elasticsearch.common.netty.channel.socket.nio.NioClientBoss.process(NioClientBoss.java:83)
	at org.elasticsearch.common.netty.channel.socket.nio.AbstractNioSelector.run(AbstractNioSelector.java:312)
	at org.elasticsearch.common.netty.channel.socket.nio.NioClientBoss.run(NioClientBoss.java:42)
	at org.elasticsearch.common.netty.util.ThreadRenamingRunnable.run(ThreadRenamingRunnable.java:108)
	at org.elasticsearch.common.netty.util.internal.DeadLockProofWorker$1.run(DeadLockProofWorker.java:42)
	... 3 more
[2013-09-29 00:20:35,377][WARN ][cluster.service          ] [Living Brain] failed to reconnect to node [Living Brain][RlsrHEVMRsqJiRGRVO-PRA][inet[/10.205.139.22:9301]]
org.elasticsearch.transport.ConnectTransportException: [Living Brain][inet[/10.205.139.22:9301]] connect_timeout[30s]
	at org.elasticsearch.transport.netty.NettyTransport.connectToChannels(NettyTransport.java:675)
	at org.elasticsearch.transport.netty.NettyTransport.connectToNode(NettyTransport.java:608)
	at org.elasticsearch.transport.netty.NettyTransport.connectToNode(NettyTransport.java:576)
	at org.elasticsearch.transport.TransportService.connectToNode(TransportService.java:129)
	at org.elasticsearch.cluster.service.InternalClusterService$ReconnectToNodes.run(InternalClusterService.java:475)
	at java.util.concurrent.ThreadPoolExecutor.runWorker(ThreadPoolExecutor.java:1145)
	at java.util.concurrent.ThreadPoolExecutor$Worker.run(ThreadPoolExecutor.java:615)
	at java.lang.Thread.run(Thread.java:724)
Caused by: org.elasticsearch.common.netty.channel.ConnectTimeoutException: connection timed out: /10.205.139.22:9301
	at org.elasticsearch.common.netty.channel.socket.nio.NioClientBoss.processConnectTimeout(NioClientBoss.java:137)
	at org.elasticsearch.common.netty.channel.socket.nio.NioClientBoss.process(NioClientBoss.java:83)
	at org.elasticsearch.common.netty.channel.socket.nio.AbstractNioSelector.run(AbstractNioSelector.java:312)
	at org.elasticsearch.common.netty.channel.socket.nio.NioClientBoss.run(NioClientBoss.java:42)
	at org.elasticsearch.common.netty.util.ThreadRenamingRunnable.run(ThreadRenamingRunnable.java:108)
	at org.elasticsearch.common.netty.util.internal.DeadLockProofWorker$1.run(DeadLockProofWorker.java:42)
	... 3 more
[2013-09-29 00:24:35,767][WARN ][cluster.service          ] [Living Brain] failed to reconnect to node [Living Brain][RlsrHEVMRsqJiRGRVO-PRA][inet[/10.205.139.22:9301]]
org.elasticsearch.transport.ConnectTransportException: [Living Brain][inet[/10.205.139.22:9301]] connect_timeout[30s]
	at org.elasticsearch.transport.netty.NettyTransport.connectToChannels(NettyTransport.java:675)
	at org.elasticsearch.transport.netty.NettyTransport.connectToNode(NettyTransport.java:608)
	at org.elasticsearch.transport.netty.NettyTransport.connectToNode(NettyTransport.java:576)
	at org.elasticsearch.transport.TransportService.connectToNode(TransportService.java:129)
	at org.elasticsearch.cluster.service.InternalClusterService$ReconnectToNodes.run(InternalClusterService.java:475)
	at java.util.concurrent.ThreadPoolExecutor.runWorker(ThreadPoolExecutor.java:1145)
	at java.util.concurrent.ThreadPoolExecutor$Worker.run(ThreadPoolExecutor.java:615)
	at java.lang.Thread.run(Thread.java:724)
Caused by: org.elasticsearch.common.netty.channel.ConnectTimeoutException: connection timed out: /10.205.139.22:9301
	at org.elasticsearch.common.netty.channel.socket.nio.NioClientBoss.processConnectTimeout(NioClientBoss.java:137)
	at org.elasticsearch.common.netty.channel.socket.nio.NioClientBoss.process(NioClientBoss.java:83)
	at org.elasticsearch.common.netty.channel.socket.nio.AbstractNioSelector.run(AbstractNioSelector.java:312)
	at org.elasticsearch.common.netty.channel.socket.nio.NioClientBoss.run(NioClientBoss.java:42)
	at org.elasticsearch.common.netty.util.ThreadRenamingRunnable.run(ThreadRenamingRunnable.java:108)
	at org.elasticsearch.common.netty.util.internal.DeadLockProofWorker$1.run(DeadLockProofWorker.java:42)
	... 3 more
[2013-09-29 00:28:36,097][WARN ][cluster.service          ] [Living Brain] failed to reconnect to node [Living Brain][RlsrHEVMRsqJiRGRVO-PRA][inet[/10.205.139.22:9301]]
org.elasticsearch.transport.ConnectTransportException: [Living Brain][inet[/10.205.139.22:9301]] connect_timeout[30s]
	at org.elasticsearch.transport.netty.NettyTransport.connectToChannels(NettyTransport.java:675)
	at org.elasticsearch.transport.netty.NettyTransport.connectToNode(NettyTransport.java:608)
	at org.elasticsearch.transport.netty.NettyTransport.connectToNode(NettyTransport.java:576)
	at org.elasticsearch.transport.TransportService.connectToNode(TransportService.java:129)
	at org.elasticsearch.cluster.service.InternalClusterService$ReconnectToNodes.run(InternalClusterService.java:475)
	at java.util.concurrent.ThreadPoolExecutor.runWorker(ThreadPoolExecutor.java:1145)
	at java.util.concurrent.ThreadPoolExecutor$Worker.run(ThreadPoolExecutor.java:615)
	at java.lang.Thread.run(Thread.java:724)
Caused by: org.elasticsearch.common.netty.channel.ConnectTimeoutException: connection timed out: /10.205.139.22:9301
	at org.elasticsearch.common.netty.channel.socket.nio.NioClientBoss.processConnectTimeout(NioClientBoss.java:137)
	at org.elasticsearch.common.netty.channel.socket.nio.NioClientBoss.process(NioClientBoss.java:83)
	at org.elasticsearch.common.netty.channel.socket.nio.AbstractNioSelector.run(AbstractNioSelector.java:312)
	at org.elasticsearch.common.netty.channel.socket.nio.NioClientBoss.run(NioClientBoss.java:42)
	at org.elasticsearch.common.netty.util.ThreadRenamingRunnable.run(ThreadRenamingRunnable.java:108)
	at org.elasticsearch.common.netty.util.internal.DeadLockProofWorker$1.run(DeadLockProofWorker.java:42)
	... 3 more
[2013-09-29 00:32:36,516][WARN ][cluster.service          ] [Living Brain] failed to reconnect to node [Living Brain][RlsrHEVMRsqJiRGRVO-PRA][inet[/10.205.139.22:9301]]
org.elasticsearch.transport.ConnectTransportException: [Living Brain][inet[/10.205.139.22:9301]] connect_timeout[30s]
	at org.elasticsearch.transport.netty.NettyTransport.connectToChannels(NettyTransport.java:675)
	at org.elasticsearch.transport.netty.NettyTransport.connectToNode(NettyTransport.java:608)
	at org.elasticsearch.transport.netty.NettyTransport.connectToNode(NettyTransport.java:576)
	at org.elasticsearch.transport.TransportService.connectToNode(TransportService.java:129)
	at org.elasticsearch.cluster.service.InternalClusterService$ReconnectToNodes.run(InternalClusterService.java:475)
	at java.util.concurrent.ThreadPoolExecutor.runWorker(ThreadPoolExecutor.java:1145)
	at java.util.concurrent.ThreadPoolExecutor$Worker.run(ThreadPoolExecutor.java:615)
	at java.lang.Thread.run(Thread.java:724)
Caused by: org.elasticsearch.common.netty.channel.ConnectTimeoutException: connection timed out: /10.205.139.22:9301
	at org.elasticsearch.common.netty.channel.socket.nio.NioClientBoss.processConnectTimeout(NioClientBoss.java:137)
	at org.elasticsearch.common.netty.channel.socket.nio.NioClientBoss.process(NioClientBoss.java:83)
	at org.elasticsearch.common.netty.channel.socket.nio.AbstractNioSelector.run(AbstractNioSelector.java:312)
	at org.elasticsearch.common.netty.channel.socket.nio.NioClientBoss.run(NioClientBoss.java:42)
	at org.elasticsearch.common.netty.util.ThreadRenamingRunnable.run(ThreadRenamingRunnable.java:108)
	at org.elasticsearch.common.netty.util.internal.DeadLockProofWorker$1.run(DeadLockProofWorker.java:42)
	... 3 more
[2013-09-29 00:36:36,942][WARN ][cluster.service          ] [Living Brain] failed to reconnect to node [Living Brain][RlsrHEVMRsqJiRGRVO-PRA][inet[/10.205.139.22:9301]]
org.elasticsearch.transport.ConnectTransportException: [Living Brain][inet[/10.205.139.22:9301]] connect_timeout[30s]
	at org.elasticsearch.transport.netty.NettyTransport.connectToChannels(NettyTransport.java:675)
	at org.elasticsearch.transport.netty.NettyTransport.connectToNode(NettyTransport.java:608)
	at org.elasticsearch.transport.netty.NettyTransport.connectToNode(NettyTransport.java:576)
	at org.elasticsearch.transport.TransportService.connectToNode(TransportService.java:129)
	at org.elasticsearch.cluster.service.InternalClusterService$ReconnectToNodes.run(InternalClusterService.java:475)
	at java.util.concurrent.ThreadPoolExecutor.runWorker(ThreadPoolExecutor.java:1145)
	at java.util.concurrent.ThreadPoolExecutor$Worker.run(ThreadPoolExecutor.java:615)
	at java.lang.Thread.run(Thread.java:724)
Caused by: org.elasticsearch.common.netty.channel.ConnectTimeoutException: connection timed out: /10.205.139.22:9301
	at org.elasticsearch.common.netty.channel.socket.nio.NioClientBoss.processConnectTimeout(NioClientBoss.java:137)
	at org.elasticsearch.common.netty.channel.socket.nio.NioClientBoss.process(NioClientBoss.java:83)
	at org.elasticsearch.common.netty.channel.socket.nio.AbstractNioSelector.run(AbstractNioSelector.java:312)
	at org.elasticsearch.common.netty.channel.socket.nio.NioClientBoss.run(NioClientBoss.java:42)
	at org.elasticsearch.common.netty.util.ThreadRenamingRunnable.run(ThreadRenamingRunnable.java:108)
	at org.elasticsearch.common.netty.util.internal.DeadLockProofWorker$1.run(DeadLockProofWorker.java:42)
	... 3 more
[2013-09-29 00:40:37,372][WARN ][cluster.service          ] [Living Brain] failed to reconnect to node [Living Brain][RlsrHEVMRsqJiRGRVO-PRA][inet[/10.205.139.22:9301]]
org.elasticsearch.transport.ConnectTransportException: [Living Brain][inet[/10.205.139.22:9301]] connect_timeout[30s]
	at org.elasticsearch.transport.netty.NettyTransport.connectToChannels(NettyTransport.java:675)
	at org.elasticsearch.transport.netty.NettyTransport.connectToNode(NettyTransport.java:608)
	at org.elasticsearch.transport.netty.NettyTransport.connectToNode(NettyTransport.java:576)
	at org.elasticsearch.transport.TransportService.connectToNode(TransportService.java:129)
	at org.elasticsearch.cluster.service.InternalClusterService$ReconnectToNodes.run(InternalClusterService.java:475)
	at java.util.concurrent.ThreadPoolExecutor.runWorker(ThreadPoolExecutor.java:1145)
	at java.util.concurrent.ThreadPoolExecutor$Worker.run(ThreadPoolExecutor.java:615)
	at java.lang.Thread.run(Thread.java:724)
Caused by: org.elasticsearch.common.netty.channel.ConnectTimeoutException: connection timed out: /10.205.139.22:9301
	at org.elasticsearch.common.netty.channel.socket.nio.NioClientBoss.processConnectTimeout(NioClientBoss.java:137)
	at org.elasticsearch.common.netty.channel.socket.nio.NioClientBoss.process(NioClientBoss.java:83)
	at org.elasticsearch.common.netty.channel.socket.nio.AbstractNioSelector.run(AbstractNioSelector.java:312)
	at org.elasticsearch.common.netty.channel.socket.nio.NioClientBoss.run(NioClientBoss.java:42)
	at org.elasticsearch.common.netty.util.ThreadRenamingRunnable.run(ThreadRenamingRunnable.java:108)
	at org.elasticsearch.common.netty.util.internal.DeadLockProofWorker$1.run(DeadLockProofWorker.java:42)
	... 3 more
[2013-09-29 00:44:37,875][WARN ][cluster.service          ] [Living Brain] failed to reconnect to node [Living Brain][RlsrHEVMRsqJiRGRVO-PRA][inet[/10.205.139.22:9301]]
org.elasticsearch.transport.ConnectTransportException: [Living Brain][inet[/10.205.139.22:9301]] connect_timeout[30s]
	at org.elasticsearch.transport.netty.NettyTransport.connectToChannels(NettyTransport.java:675)
	at org.elasticsearch.transport.netty.NettyTransport.connectToNode(NettyTransport.java:608)
	at org.elasticsearch.transport.netty.NettyTransport.connectToNode(NettyTransport.java:576)
	at org.elasticsearch.transport.TransportService.connectToNode(TransportService.java:129)
	at org.elasticsearch.cluster.service.InternalClusterService$ReconnectToNodes.run(InternalClusterService.java:475)
	at java.util.concurrent.ThreadPoolExecutor.runWorker(ThreadPoolExecutor.java:1145)
	at java.util.concurrent.ThreadPoolExecutor$Worker.run(ThreadPoolExecutor.java:615)
	at java.lang.Thread.run(Thread.java:724)
Caused by: org.elasticsearch.common.netty.channel.ConnectTimeoutException: connection timed out: /10.205.139.22:9301
	at org.elasticsearch.common.netty.channel.socket.nio.NioClientBoss.processConnectTimeout(NioClientBoss.java:137)
	at org.elasticsearch.common.netty.channel.socket.nio.NioClientBoss.process(NioClientBoss.java:83)
	at org.elasticsearch.common.netty.channel.socket.nio.AbstractNioSelector.run(AbstractNioSelector.java:312)
	at org.elasticsearch.common.netty.channel.socket.nio.NioClientBoss.run(NioClientBoss.java:42)
	at org.elasticsearch.common.netty.util.ThreadRenamingRunnable.run(ThreadRenamingRunnable.java:108)
	at org.elasticsearch.common.netty.util.internal.DeadLockProofWorker$1.run(DeadLockProofWorker.java:42)
	... 3 more
[2013-09-29 00:48:38,549][WARN ][cluster.service          ] [Living Brain] failed to reconnect to node [Living Brain][RlsrHEVMRsqJiRGRVO-PRA][inet[/10.205.139.22:9301]]
org.elasticsearch.transport.ConnectTransportException: [Living Brain][inet[/10.205.139.22:9301]] connect_timeout[30s]
	at org.elasticsearch.transport.netty.NettyTransport.connectToChannels(NettyTransport.java:675)
	at org.elasticsearch.transport.netty.NettyTransport.connectToNode(NettyTransport.java:608)
	at org.elasticsearch.transport.netty.NettyTransport.connectToNode(NettyTransport.java:576)
	at org.elasticsearch.transport.TransportService.connectToNode(TransportService.java:129)
	at org.elasticsearch.cluster.service.InternalClusterService$ReconnectToNodes.run(InternalClusterService.java:475)
	at java.util.concurrent.ThreadPoolExecutor.runWorker(ThreadPoolExecutor.java:1145)
	at java.util.concurrent.ThreadPoolExecutor$Worker.run(ThreadPoolExecutor.java:615)
	at java.lang.Thread.run(Thread.java:724)
Caused by: org.elasticsearch.common.netty.channel.ConnectTimeoutException: connection timed out: /10.205.139.22:9301
	at org.elasticsearch.common.netty.channel.socket.nio.NioClientBoss.processConnectTimeout(NioClientBoss.java:137)
	at org.elasticsearch.common.netty.channel.socket.nio.NioClientBoss.process(NioClientBoss.java:83)
	at org.elasticsearch.common.netty.channel.socket.nio.AbstractNioSelector.run(AbstractNioSelector.java:312)
	at org.elasticsearch.common.netty.channel.socket.nio.NioClientBoss.run(NioClientBoss.java:42)
	at org.elasticsearch.common.netty.util.ThreadRenamingRunnable.run(ThreadRenamingRunnable.java:108)
	at org.elasticsearch.common.netty.util.internal.DeadLockProofWorker$1.run(DeadLockProofWorker.java:42)
	... 3 more
[2013-09-29 10:20:09,684][WARN ][transport.netty          ] [Living Brain] exception caught on transport layer [[id: 0xd93ead7f]], closing connection
java.net.NoRouteToHostException: No route to host
	at sun.nio.ch.Net.connect0(Native Method)
	at sun.nio.ch.Net.connect(Net.java:465)
	at sun.nio.ch.Net.connect(Net.java:457)
	at sun.nio.ch.SocketChannelImpl.connect(SocketChannelImpl.java:666)
	at org.elasticsearch.common.netty.channel.socket.nio.NioClientSocketPipelineSink.connect(NioClientSocketPipelineSink.java:108)
	at org.elasticsearch.common.netty.channel.socket.nio.NioClientSocketPipelineSink.eventSunk(NioClientSocketPipelineSink.java:70)
	at org.elasticsearch.common.netty.channel.DefaultChannelPipeline.sendDownstream(DefaultChannelPipeline.java:574)
	at org.elasticsearch.common.netty.channel.Channels.connect(Channels.java:634)
	at org.elasticsearch.common.netty.channel.AbstractChannel.connect(AbstractChannel.java:207)
	at org.elasticsearch.common.netty.bootstrap.ClientBootstrap.connect(ClientBootstrap.java:229)
	at org.elasticsearch.common.netty.bootstrap.ClientBootstrap.connect(ClientBootstrap.java:182)
	at org.elasticsearch.transport.netty.NettyTransport.connectToChannels(NettyTransport.java:659)
	at org.elasticsearch.transport.netty.NettyTransport.connectToNode(NettyTransport.java:608)
	at org.elasticsearch.transport.netty.NettyTransport.connectToNode(NettyTransport.java:576)
	at org.elasticsearch.transport.TransportService.connectToNode(TransportService.java:129)
	at org.elasticsearch.cluster.service.InternalClusterService$ReconnectToNodes.run(InternalClusterService.java:475)
	at java.util.concurrent.ThreadPoolExecutor.runWorker(ThreadPoolExecutor.java:1145)
	at java.util.concurrent.ThreadPoolExecutor$Worker.run(ThreadPoolExecutor.java:615)
	at java.lang.Thread.run(Thread.java:724)
[2013-09-29 10:21:30,126][WARN ][cluster.service          ] [Living Brain] failed to reconnect to node [Living Brain][RlsrHEVMRsqJiRGRVO-PRA][inet[/10.205.139.22:9301]]
org.elasticsearch.transport.ConnectTransportException: [Living Brain][inet[/10.205.139.22:9301]] connect_timeout[30s]
	at org.elasticsearch.transport.netty.NettyTransport.connectToChannels(NettyTransport.java:675)
	at org.elasticsearch.transport.netty.NettyTransport.connectToNode(NettyTransport.java:608)
	at org.elasticsearch.transport.netty.NettyTransport.connectToNode(NettyTransport.java:576)
	at org.elasticsearch.transport.TransportService.connectToNode(TransportService.java:129)
	at org.elasticsearch.cluster.service.InternalClusterService$ReconnectToNodes.run(InternalClusterService.java:475)
	at java.util.concurrent.ThreadPoolExecutor.runWorker(ThreadPoolExecutor.java:1145)
	at java.util.concurrent.ThreadPoolExecutor$Worker.run(ThreadPoolExecutor.java:615)
	at java.lang.Thread.run(Thread.java:724)
Caused by: org.elasticsearch.common.netty.channel.ConnectTimeoutException: connection timed out: /10.205.139.22:9301
	at org.elasticsearch.common.netty.channel.socket.nio.NioClientBoss.processConnectTimeout(NioClientBoss.java:137)
	at org.elasticsearch.common.netty.channel.socket.nio.NioClientBoss.process(NioClientBoss.java:83)
	at org.elasticsearch.common.netty.channel.socket.nio.AbstractNioSelector.run(AbstractNioSelector.java:312)
	at org.elasticsearch.common.netty.channel.socket.nio.NioClientBoss.run(NioClientBoss.java:42)
	at org.elasticsearch.common.netty.util.ThreadRenamingRunnable.run(ThreadRenamingRunnable.java:108)
	at org.elasticsearch.common.netty.util.internal.DeadLockProofWorker$1.run(DeadLockProofWorker.java:42)
	... 3 more
[2013-09-29 10:25:35,590][WARN ][cluster.service          ] [Living Brain] failed to reconnect to node [Living Brain][RlsrHEVMRsqJiRGRVO-PRA][inet[/10.205.139.22:9301]]
org.elasticsearch.transport.ConnectTransportException: [Living Brain][inet[/10.205.139.22:9301]] connect_timeout[30s]
	at org.elasticsearch.transport.netty.NettyTransport.connectToChannels(NettyTransport.java:675)
	at org.elasticsearch.transport.netty.NettyTransport.connectToNode(NettyTransport.java:608)
	at org.elasticsearch.transport.netty.NettyTransport.connectToNode(NettyTransport.java:576)
	at org.elasticsearch.transport.TransportService.connectToNode(TransportService.java:129)
	at org.elasticsearch.cluster.service.InternalClusterService$ReconnectToNodes.run(InternalClusterService.java:475)
	at java.util.concurrent.ThreadPoolExecutor.runWorker(ThreadPoolExecutor.java:1145)
	at java.util.concurrent.ThreadPoolExecutor$Worker.run(ThreadPoolExecutor.java:615)
	at java.lang.Thread.run(Thread.java:724)
Caused by: org.elasticsearch.common.netty.channel.ConnectTimeoutException: connection timed out: /10.205.139.22:9301
	at org.elasticsearch.common.netty.channel.socket.nio.NioClientBoss.processConnectTimeout(NioClientBoss.java:137)
	at org.elasticsearch.common.netty.channel.socket.nio.NioClientBoss.process(NioClientBoss.java:83)
	at org.elasticsearch.common.netty.channel.socket.nio.AbstractNioSelector.run(AbstractNioSelector.java:312)
	at org.elasticsearch.common.netty.channel.socket.nio.NioClientBoss.run(NioClientBoss.java:42)
	at org.elasticsearch.common.netty.util.ThreadRenamingRunnable.run(ThreadRenamingRunnable.java:108)
	at org.elasticsearch.common.netty.util.internal.DeadLockProofWorker$1.run(DeadLockProofWorker.java:42)
	... 3 more
[2013-09-29 10:25:35,595][WARN ][monitor.jvm              ] [Living Brain] [gc][ParNew][23383][5] duration [4.6s], collections [1]/[5.4s], total [4.6s]/[5.8s], memory [88mb]->[19.5mb]/[990.7mb], all_pools {[Code Cache] [1.3mb]->[1.3mb]/[48mb]}{[Par Eden Space] [68.3mb]->[1.1mb]/[266.2mb]}{[Par Survivor Space] [6mb]->[1.8mb]/[33.2mb]}{[CMS Old Gen] [13.7mb]->[16.4mb]/[691.2mb]}{[CMS Perm Gen] [27.7mb]->[27.7mb]/[82mb]}
[2013-09-29 10:29:35,979][WARN ][cluster.service          ] [Living Brain] failed to reconnect to node [Living Brain][RlsrHEVMRsqJiRGRVO-PRA][inet[/10.205.139.22:9301]]
org.elasticsearch.transport.ConnectTransportException: [Living Brain][inet[/10.205.139.22:9301]] connect_timeout[30s]
	at org.elasticsearch.transport.netty.NettyTransport.connectToChannels(NettyTransport.java:675)
	at org.elasticsearch.transport.netty.NettyTransport.connectToNode(NettyTransport.java:608)
	at org.elasticsearch.transport.netty.NettyTransport.connectToNode(NettyTransport.java:576)
	at org.elasticsearch.transport.TransportService.connectToNode(TransportService.java:129)
	at org.elasticsearch.cluster.service.InternalClusterService$ReconnectToNodes.run(InternalClusterService.java:475)
	at java.util.concurrent.ThreadPoolExecutor.runWorker(ThreadPoolExecutor.java:1145)
	at java.util.concurrent.ThreadPoolExecutor$Worker.run(ThreadPoolExecutor.java:615)
	at java.lang.Thread.run(Thread.java:724)
Caused by: org.elasticsearch.common.netty.channel.ConnectTimeoutException: connection timed out: /10.205.139.22:9301
	at org.elasticsearch.common.netty.channel.socket.nio.NioClientBoss.processConnectTimeout(NioClientBoss.java:137)
	at org.elasticsearch.common.netty.channel.socket.nio.NioClientBoss.process(NioClientBoss.java:83)
	at org.elasticsearch.common.netty.channel.socket.nio.AbstractNioSelector.run(AbstractNioSelector.java:312)
	at org.elasticsearch.common.netty.channel.socket.nio.NioClientBoss.run(NioClientBoss.java:42)
	at org.elasticsearch.common.netty.util.ThreadRenamingRunnable.run(ThreadRenamingRunnable.java:108)
	at org.elasticsearch.common.netty.util.internal.DeadLockProofWorker$1.run(DeadLockProofWorker.java:42)
	... 3 more
[2013-09-29 10:33:36,402][WARN ][cluster.service          ] [Living Brain] failed to reconnect to node [Living Brain][RlsrHEVMRsqJiRGRVO-PRA][inet[/10.205.139.22:9301]]
org.elasticsearch.transport.ConnectTransportException: [Living Brain][inet[/10.205.139.22:9301]] connect_timeout[30s]
	at org.elasticsearch.transport.netty.NettyTransport.connectToChannels(NettyTransport.java:675)
	at org.elasticsearch.transport.netty.NettyTransport.connectToNode(NettyTransport.java:608)
	at org.elasticsearch.transport.netty.NettyTransport.connectToNode(NettyTransport.java:576)
	at org.elasticsearch.transport.TransportService.connectToNode(TransportService.java:129)
	at org.elasticsearch.cluster.service.InternalClusterService$ReconnectToNodes.run(InternalClusterService.java:475)
	at java.util.concurrent.ThreadPoolExecutor.runWorker(ThreadPoolExecutor.java:1145)
	at java.util.concurrent.ThreadPoolExecutor$Worker.run(ThreadPoolExecutor.java:615)
	at java.lang.Thread.run(Thread.java:724)
Caused by: org.elasticsearch.common.netty.channel.ConnectTimeoutException: connection timed out: /10.205.139.22:9301
	at org.elasticsearch.common.netty.channel.socket.nio.NioClientBoss.processConnectTimeout(NioClientBoss.java:137)
	at org.elasticsearch.common.netty.channel.socket.nio.NioClientBoss.process(NioClientBoss.java:83)
	at org.elasticsearch.common.netty.channel.socket.nio.AbstractNioSelector.run(AbstractNioSelector.java:312)
	at org.elasticsearch.common.netty.channel.socket.nio.NioClientBoss.run(NioClientBoss.java:42)
	at org.elasticsearch.common.netty.util.ThreadRenamingRunnable.run(ThreadRenamingRunnable.java:108)
	at org.elasticsearch.common.netty.util.internal.DeadLockProofWorker$1.run(DeadLockProofWorker.java:42)
	... 3 more
[2013-09-29 10:37:36,994][WARN ][cluster.service          ] [Living Brain] failed to reconnect to node [Living Brain][RlsrHEVMRsqJiRGRVO-PRA][inet[/10.205.139.22:9301]]
org.elasticsearch.transport.ConnectTransportException: [Living Brain][inet[/10.205.139.22:9301]] connect_timeout[30s]
	at org.elasticsearch.transport.netty.NettyTransport.connectToChannels(NettyTransport.java:675)
	at org.elasticsearch.transport.netty.NettyTransport.connectToNode(NettyTransport.java:608)
	at org.elasticsearch.transport.netty.NettyTransport.connectToNode(NettyTransport.java:576)
	at org.elasticsearch.transport.TransportService.connectToNode(TransportService.java:129)
	at org.elasticsearch.cluster.service.InternalClusterService$ReconnectToNodes.run(InternalClusterService.java:475)
	at java.util.concurrent.ThreadPoolExecutor.runWorker(ThreadPoolExecutor.java:1145)
	at java.util.concurrent.ThreadPoolExecutor$Worker.run(ThreadPoolExecutor.java:615)
	at java.lang.Thread.run(Thread.java:724)
Caused by: org.elasticsearch.common.netty.channel.ConnectTimeoutException: connection timed out: /10.205.139.22:9301
	at org.elasticsearch.common.netty.channel.socket.nio.NioClientBoss.processConnectTimeout(NioClientBoss.java:137)
	at org.elasticsearch.common.netty.channel.socket.nio.NioClientBoss.process(NioClientBoss.java:83)
	at org.elasticsearch.common.netty.channel.socket.nio.AbstractNioSelector.run(AbstractNioSelector.java:312)
	at org.elasticsearch.common.netty.channel.socket.nio.NioClientBoss.run(NioClientBoss.java:42)
	at org.elasticsearch.common.netty.util.ThreadRenamingRunnable.run(ThreadRenamingRunnable.java:108)
	at org.elasticsearch.common.netty.util.internal.DeadLockProofWorker$1.run(DeadLockProofWorker.java:42)
	... 3 more
[2013-09-29 10:41:37,627][WARN ][cluster.service          ] [Living Brain] failed to reconnect to node [Living Brain][RlsrHEVMRsqJiRGRVO-PRA][inet[/10.205.139.22:9301]]
org.elasticsearch.transport.ConnectTransportException: [Living Brain][inet[/10.205.139.22:9301]] connect_timeout[30s]
	at org.elasticsearch.transport.netty.NettyTransport.connectToChannels(NettyTransport.java:675)
	at org.elasticsearch.transport.netty.NettyTransport.connectToNode(NettyTransport.java:608)
	at org.elasticsearch.transport.netty.NettyTransport.connectToNode(NettyTransport.java:576)
	at org.elasticsearch.transport.TransportService.connectToNode(TransportService.java:129)
	at org.elasticsearch.cluster.service.InternalClusterService$ReconnectToNodes.run(InternalClusterService.java:475)
	at java.util.concurrent.ThreadPoolExecutor.runWorker(ThreadPoolExecutor.java:1145)
	at java.util.concurrent.ThreadPoolExecutor$Worker.run(ThreadPoolExecutor.java:615)
	at java.lang.Thread.run(Thread.java:724)
Caused by: org.elasticsearch.common.netty.channel.ConnectTimeoutException: connection timed out: /10.205.139.22:9301
	at org.elasticsearch.common.netty.channel.socket.nio.NioClientBoss.processConnectTimeout(NioClientBoss.java:137)
	at org.elasticsearch.common.netty.channel.socket.nio.NioClientBoss.process(NioClientBoss.java:83)
	at org.elasticsearch.common.netty.channel.socket.nio.AbstractNioSelector.run(AbstractNioSelector.java:312)
	at org.elasticsearch.common.netty.channel.socket.nio.NioClientBoss.run(NioClientBoss.java:42)
	at org.elasticsearch.common.netty.util.ThreadRenamingRunnable.run(ThreadRenamingRunnable.java:108)
	at org.elasticsearch.common.netty.util.internal.DeadLockProofWorker$1.run(DeadLockProofWorker.java:42)
	... 3 more
[2013-09-29 07:25:46,661][INFO ][node                     ] [Ikonn] version[0.90.5], pid[44416], build[c8714e8/2013-09-17T12:50:20Z]
[2013-09-29 07:25:46,678][INFO ][node                     ] [Ikonn] initializing ...
[2013-09-29 07:25:46,720][INFO ][plugins                  ] [Ikonn] loaded [], sites []
[2013-09-29 07:25:52,045][INFO ][node                     ] [Ikonn] initialized
[2013-09-29 07:25:52,045][INFO ][node                     ] [Ikonn] starting ...
[2013-09-29 07:25:52,233][INFO ][transport                ] [Ikonn] bound_address {inet[/0:0:0:0:0:0:0:0:9300]}, publish_address {inet[/192.168.0.11:9300]}
[2013-09-29 07:25:55,354][INFO ][cluster.service          ] [Ikonn] new_master [Ikonn][K_44NHf0TPadQsUzjTwkzg][inet[/192.168.0.11:9300]], reason: zen-disco-join (elected_as_master)
[2013-09-29 07:25:55,493][INFO ][discovery                ] [Ikonn] elasticsearch/K_44NHf0TPadQsUzjTwkzg
[2013-09-29 07:25:55,579][INFO ][http                     ] [Ikonn] bound_address {inet[/0:0:0:0:0:0:0:0:9200]}, publish_address {inet[/192.168.0.11:9200]}
[2013-09-29 07:25:55,580][INFO ][node                     ] [Ikonn] started
[2013-09-29 07:25:57,813][INFO ][gateway                  ] [Ikonn] recovered [1] indices into cluster_state
[2013-09-29 07:28:40,670][INFO ][cluster.metadata         ] [Ikonn] [catalogue] deleting index
[2013-09-29 07:28:40,941][INFO ][cluster.metadata         ] [Ikonn] [catalogue] creating index, cause [api], shards [5]/[1], mappings []
[2013-09-29 07:28:41,175][INFO ][cluster.metadata         ] [Ikonn] [catalogue] update_mapping [Catalogue] (dynamic)
[2013-09-29 07:29:45,968][INFO ][cluster.metadata         ] [Ikonn] [catalogue] deleting index
[2013-09-29 07:29:46,130][INFO ][cluster.metadata         ] [Ikonn] [catalogue] creating index, cause [api], shards [5]/[1], mappings []
[2013-09-29 07:29:46,309][INFO ][cluster.metadata         ] [Ikonn] [catalogue] update_mapping [Catalogue] (dynamic)
[2013-09-29 07:33:04,368][INFO ][node                     ] [Ikonn] stopping ...
[2013-09-29 07:33:04,438][INFO ][node                     ] [Ikonn] stopped
[2013-09-29 07:33:04,438][INFO ][node                     ] [Ikonn] closing ...
[2013-09-29 07:33:04,472][INFO ][node                     ] [Ikonn] closed
[2013-09-29 08:13:05,254][INFO ][node                     ] [Advisor] version[0.90.5], pid[44897], build[c8714e8/2013-09-17T12:50:20Z]
[2013-09-29 08:13:05,290][INFO ][node                     ] [Advisor] initializing ...
[2013-09-29 08:13:05,343][INFO ][plugins                  ] [Advisor] loaded [], sites []
[2013-09-29 08:13:13,539][INFO ][node                     ] [Advisor] initialized
[2013-09-29 08:13:13,539][INFO ][node                     ] [Advisor] starting ...
[2013-09-29 08:13:14,081][INFO ][transport                ] [Advisor] bound_address {inet[/0:0:0:0:0:0:0:0:9300]}, publish_address {inet[/192.168.0.11:9300]}
[2013-09-29 08:13:17,387][INFO ][cluster.service          ] [Advisor] new_master [Advisor][1tvef6mgR3aUnBcTUf2Syw][inet[/192.168.0.11:9300]], reason: zen-disco-join (elected_as_master)
[2013-09-29 08:13:17,586][INFO ][discovery                ] [Advisor] elasticsearch/1tvef6mgR3aUnBcTUf2Syw
[2013-09-29 08:13:17,686][INFO ][http                     ] [Advisor] bound_address {inet[/0:0:0:0:0:0:0:0:9200]}, publish_address {inet[/192.168.0.11:9200]}
[2013-09-29 08:13:17,686][INFO ][node                     ] [Advisor] started
[2013-09-29 08:13:19,396][INFO ][gateway                  ] [Advisor] recovered [1] indices into cluster_state
[2013-09-29 08:13:29,742][INFO ][cluster.metadata         ] [Advisor] [catalogue] deleting index
[2013-09-29 08:13:29,977][INFO ][cluster.metadata         ] [Advisor] [catalogue] creating index, cause [api], shards [5]/[1], mappings []
[2013-09-29 08:15:16,423][INFO ][cluster.metadata         ] [Advisor] [catalogue] deleting index
[2013-09-29 08:15:16,574][INFO ][cluster.metadata         ] [Advisor] [catalogue] creating index, cause [api], shards [5]/[1], mappings []
[2013-09-29 08:15:16,921][INFO ][cluster.metadata         ] [Advisor] [catalogue] update_mapping [Catalogue] (dynamic)
[2013-09-29 08:16:55,323][INFO ][cluster.metadata         ] [Advisor] [catalogue] deleting index
[2013-09-29 08:16:55,492][INFO ][cluster.metadata         ] [Advisor] [catalogue] creating index, cause [api], shards [5]/[1], mappings []
[2013-09-29 08:16:55,676][INFO ][cluster.metadata         ] [Advisor] [catalogue] update_mapping [Catalogue] (dynamic)
[2013-09-29 08:18:02,127][INFO ][node                     ] [Advisor] stopping ...
[2013-09-29 08:18:02,191][INFO ][node                     ] [Advisor] stopped
[2013-09-29 08:18:02,191][INFO ][node                     ] [Advisor] closing ...
[2013-09-29 08:18:02,238][INFO ][node                     ] [Advisor] closed
[2013-10-02 13:23:01,294][WARN ][bootstrap                ] jvm uses the client vm, make sure to run `java` with the server vm for best performance by adding `-server` to the command line
[2013-10-02 13:23:01,465][INFO ][node                     ] [Aged Genghis] version[0.90.5], pid[4620], build[c8714e8/2013-09-17T12:50:20Z]
[2013-10-02 13:23:01,465][INFO ][node                     ] [Aged Genghis] initializing ...
[2013-10-02 13:23:01,471][INFO ][plugins                  ] [Aged Genghis] loaded [], sites []
[2013-10-02 13:23:06,690][WARN ][bootstrap                ] jvm uses the client vm, make sure to run `java` with the server vm for best performance by adding `-server` to the command line
[2013-10-02 13:23:06,784][INFO ][node                     ] [Wiz Kid] version[0.90.5], pid[4650], build[c8714e8/2013-09-17T12:50:20Z]
[2013-10-02 13:23:06,784][INFO ][node                     ] [Wiz Kid] initializing ...
[2013-10-02 13:23:06,790][INFO ][plugins                  ] [Wiz Kid] loaded [], sites []
[2013-10-02 13:23:09,164][INFO ][node                     ] [Wiz Kid] initialized
[2013-10-02 13:23:09,165][INFO ][node                     ] [Wiz Kid] starting ...
[2013-10-02 13:23:09,254][INFO ][transport                ] [Wiz Kid] bound_address {inet[/0:0:0:0:0:0:0:0:9300]}, publish_address {inet[/129.128.217.111:9300]}
[2013-10-02 13:23:12,460][INFO ][cluster.service          ] [Wiz Kid] new_master [Wiz Kid][slehAlWWQn-M-aPMuYs2UA][inet[/129.128.217.111:9300]], reason: zen-disco-join (elected_as_master)
[2013-10-02 13:23:12,544][INFO ][discovery                ] [Wiz Kid] elasticsearch/slehAlWWQn-M-aPMuYs2UA
[2013-10-02 13:23:12,584][INFO ][http                     ] [Wiz Kid] bound_address {inet[/0:0:0:0:0:0:0:0:9200]}, publish_address {inet[/129.128.217.111:9200]}
[2013-10-02 13:23:12,585][INFO ][node                     ] [Wiz Kid] started
[2013-10-02 13:23:12,618][INFO ][gateway                  ] [Wiz Kid] recovered [0] indices into cluster_state
[2013-10-02 13:25:07,103][WARN ][bootstrap                ] jvm uses the client vm, make sure to run `java` with the server vm for best performance by adding `-server` to the command line
[2013-10-02 13:25:07,200][INFO ][node                     ] [Tethlam] version[0.90.5], pid[4809], build[c8714e8/2013-09-17T12:50:20Z]
[2013-10-02 13:25:07,200][INFO ][node                     ] [Tethlam] initializing ...
[2013-10-02 13:25:07,206][INFO ][plugins                  ] [Tethlam] loaded [], sites []
[2013-10-02 13:25:09,662][INFO ][node                     ] [Tethlam] initialized
[2013-10-02 13:25:09,662][INFO ][node                     ] [Tethlam] starting ...
[2013-10-02 13:25:09,749][INFO ][transport                ] [Tethlam] bound_address {inet[/0:0:0:0:0:0:0:0:9300]}, publish_address {inet[/129.128.217.111:9300]}
[2013-10-02 13:25:12,854][INFO ][cluster.service          ] [Tethlam] new_master [Tethlam][agxr6tWVRme9_qsPQ0OJWg][inet[/129.128.217.111:9300]], reason: zen-disco-join (elected_as_master)
[2013-10-02 13:25:12,920][INFO ][discovery                ] [Tethlam] elasticsearch/agxr6tWVRme9_qsPQ0OJWg
[2013-10-02 13:25:12,956][INFO ][http                     ] [Tethlam] bound_address {inet[/0:0:0:0:0:0:0:0:9200]}, publish_address {inet[/129.128.217.111:9200]}
[2013-10-02 13:25:12,956][INFO ][node                     ] [Tethlam] started
[2013-10-02 13:25:12,991][INFO ][gateway                  ] [Tethlam] recovered [0] indices into cluster_state
[2013-10-02 13:26:44,259][INFO ][cluster.metadata         ] [Tethlam] [catalogue] creating index, cause [api], shards [5]/[1], mappings []
[2013-10-02 13:26:44,710][INFO ][cluster.metadata         ] [Tethlam] [catalogue] update_mapping [Catalogue] (dynamic)
[2013-10-02 14:16:18,100][INFO ][cluster.metadata         ] [Tethlam] [catalogue] deleting index
[2013-10-02 14:16:18,150][INFO ][cluster.metadata         ] [Tethlam] [catalogue] creating index, cause [api], shards [5]/[1], mappings []
[2013-10-02 14:16:55,332][INFO ][cluster.metadata         ] [Tethlam] [catalogue] deleting index
[2013-10-02 14:16:55,375][INFO ][cluster.metadata         ] [Tethlam] [catalogue] creating index, cause [api], shards [5]/[1], mappings []
[2013-10-02 14:17:11,153][INFO ][node                     ] [Tethlam] stopping ...
[2013-10-02 14:17:11,199][INFO ][node                     ] [Tethlam] stopped
[2013-10-02 14:17:11,199][INFO ][node                     ] [Tethlam] closing ...
[2013-10-02 14:17:11,209][INFO ][node                     ] [Tethlam] closed
[2013-10-02 14:17:19,562][WARN ][bootstrap                ] jvm uses the client vm, make sure to run `java` with the server vm for best performance by adding `-server` to the command line
[2013-10-02 14:17:19,656][INFO ][node                     ] [Chtylok] version[0.90.5], pid[5185], build[c8714e8/2013-09-17T12:50:20Z]
[2013-10-02 14:17:19,656][INFO ][node                     ] [Chtylok] initializing ...
[2013-10-02 14:17:19,662][INFO ][plugins                  ] [Chtylok] loaded [], sites []
[2013-10-02 14:17:22,041][INFO ][node                     ] [Chtylok] initialized
[2013-10-02 14:17:22,041][INFO ][node                     ] [Chtylok] starting ...
[2013-10-02 14:17:22,184][INFO ][transport                ] [Chtylok] bound_address {inet[/0:0:0:0:0:0:0:0:9300]}, publish_address {inet[/129.128.217.111:9300]}
[2013-10-02 14:17:25,227][INFO ][cluster.service          ] [Chtylok] new_master [Chtylok][2qPuTX1lQEuku_d_VUaYrA][inet[/129.128.217.111:9300]], reason: zen-disco-join (elected_as_master)
[2013-10-02 14:17:25,293][INFO ][discovery                ] [Chtylok] elasticsearch/2qPuTX1lQEuku_d_VUaYrA
[2013-10-02 14:17:25,329][INFO ][http                     ] [Chtylok] bound_address {inet[/0:0:0:0:0:0:0:0:9200]}, publish_address {inet[/129.128.217.111:9200]}
[2013-10-02 14:17:25,329][INFO ][node                     ] [Chtylok] started
[2013-10-02 14:17:25,904][INFO ][gateway                  ] [Chtylok] recovered [1] indices into cluster_state
[2013-10-02 14:17:50,271][INFO ][cluster.metadata         ] [Chtylok] [catalogue] deleting index
[2013-10-02 14:17:50,344][INFO ][cluster.metadata         ] [Chtylok] [catalogue] creating index, cause [api], shards [5]/[1], mappings []
[2013-10-02 14:18:02,606][INFO ][node                     ] [Chtylok] stopping ...
[2013-10-02 14:18:02,666][INFO ][node                     ] [Chtylok] stopped
[2013-10-02 14:18:02,666][INFO ][node                     ] [Chtylok] closing ...
[2013-10-02 14:18:02,676][INFO ][node                     ] [Chtylok] closed
[2013-10-02 14:18:42,065][WARN ][bootstrap                ] jvm uses the client vm, make sure to run `java` with the server vm for best performance by adding `-server` to the command line
[2013-10-02 14:18:42,160][INFO ][node                     ] [Gravity] version[0.90.5], pid[5346], build[c8714e8/2013-09-17T12:50:20Z]
[2013-10-02 14:18:42,161][INFO ][node                     ] [Gravity] initializing ...
[2013-10-02 14:18:42,167][INFO ][plugins                  ] [Gravity] loaded [], sites []
[2013-10-02 14:18:44,573][INFO ][node                     ] [Gravity] initialized
[2013-10-02 14:18:44,573][INFO ][node                     ] [Gravity] starting ...
[2013-10-02 14:18:44,725][INFO ][transport                ] [Gravity] bound_address {inet[/0:0:0:0:0:0:0:0:9300]}, publish_address {inet[/129.128.217.111:9300]}
[2013-10-02 14:18:47,302][WARN ][bootstrap                ] jvm uses the client vm, make sure to run `java` with the server vm for best performance by adding `-server` to the command line
[2013-10-02 14:18:47,399][INFO ][node                     ] [Firearm] version[0.90.5], pid[5393], build[c8714e8/2013-09-17T12:50:20Z]
[2013-10-02 14:18:47,399][INFO ][node                     ] [Firearm] initializing ...
[2013-10-02 14:18:47,405][INFO ][plugins                  ] [Firearm] loaded [], sites []
[2013-10-02 14:18:47,770][INFO ][cluster.service          ] [Gravity] new_master [Gravity][VKK7m9B2QyKOGOw8xbHBRQ][inet[/129.128.217.111:9300]], reason: zen-disco-join (elected_as_master)
[2013-10-02 14:18:47,829][INFO ][discovery                ] [Gravity] elasticsearch/VKK7m9B2QyKOGOw8xbHBRQ
[2013-10-02 14:18:47,864][INFO ][http                     ] [Gravity] bound_address {inet[/0:0:0:0:0:0:0:0:9200]}, publish_address {inet[/129.128.217.111:9200]}
[2013-10-02 14:18:47,864][INFO ][node                     ] [Gravity] started
[2013-10-02 14:18:48,908][INFO ][gateway                  ] [Gravity] recovered [1] indices into cluster_state
[2013-10-02 14:18:50,510][INFO ][node                     ] [Firearm] initialized
[2013-10-02 14:18:50,510][INFO ][node                     ] [Firearm] starting ...
[2013-10-02 14:18:50,601][INFO ][transport                ] [Firearm] bound_address {inet[/0:0:0:0:0:0:0:0:9301]}, publish_address {inet[/129.128.217.111:9301]}
[2013-10-02 14:18:53,709][INFO ][cluster.service          ] [Firearm] new_master [Firearm][YS9zfjdtS8OB7GgVlsuWCg][inet[/129.128.217.111:9301]], reason: zen-disco-join (elected_as_master)
[2013-10-02 14:18:53,774][INFO ][discovery                ] [Firearm] elasticsearch/YS9zfjdtS8OB7GgVlsuWCg
[2013-10-02 14:18:53,811][INFO ][http                     ] [Firearm] bound_address {inet[/0:0:0:0:0:0:0:0:9201]}, publish_address {inet[/129.128.217.111:9201]}
[2013-10-02 14:18:53,811][INFO ][node                     ] [Firearm] started
[2013-10-02 14:18:53,858][INFO ][gateway                  ] [Firearm] recovered [0] indices into cluster_state
[2013-10-02 14:18:57,659][INFO ][node                     ] [Firearm] stopping ...
[2013-10-02 14:18:57,696][INFO ][node                     ] [Firearm] stopped
[2013-10-02 14:18:57,697][INFO ][node                     ] [Firearm] closing ...
[2013-10-02 14:18:57,707][INFO ][node                     ] [Firearm] closed
[2013-10-02 14:19:00,508][INFO ][node                     ] [Gravity] stopping ...
[2013-10-02 14:19:00,562][INFO ][node                     ] [Gravity] stopped
[2013-10-02 14:19:00,562][INFO ][node                     ] [Gravity] closing ...
[2013-10-02 14:19:00,571][INFO ][node                     ] [Gravity] closed
[2013-10-02 14:19:03,335][WARN ][bootstrap                ] jvm uses the client vm, make sure to run `java` with the server vm for best performance by adding `-server` to the command line
[2013-10-02 14:19:03,430][INFO ][node                     ] [Sprite] version[0.90.5], pid[5501], build[c8714e8/2013-09-17T12:50:20Z]
[2013-10-02 14:19:03,430][INFO ][node                     ] [Sprite] initializing ...
[2013-10-02 14:19:03,436][INFO ][plugins                  ] [Sprite] loaded [], sites []
[2013-10-02 14:19:05,819][INFO ][node                     ] [Sprite] initialized
[2013-10-02 14:19:05,820][INFO ][node                     ] [Sprite] starting ...
[2013-10-02 14:19:05,977][INFO ][transport                ] [Sprite] bound_address {inet[/0:0:0:0:0:0:0:0:9300]}, publish_address {inet[/129.128.217.111:9300]}
[2013-10-02 14:19:09,021][INFO ][cluster.service          ] [Sprite] new_master [Sprite][oHczJDFHTBqzXoZGvAKG4g][inet[/129.128.217.111:9300]], reason: zen-disco-join (elected_as_master)
[2013-10-02 14:19:09,086][INFO ][discovery                ] [Sprite] elasticsearch/oHczJDFHTBqzXoZGvAKG4g
[2013-10-02 14:19:09,123][INFO ][http                     ] [Sprite] bound_address {inet[/0:0:0:0:0:0:0:0:9200]}, publish_address {inet[/129.128.217.111:9200]}
[2013-10-02 14:19:09,123][INFO ][node                     ] [Sprite] started
[2013-10-02 14:19:09,681][INFO ][gateway                  ] [Sprite] recovered [1] indices into cluster_state
[2013-10-02 14:19:24,373][INFO ][cluster.metadata         ] [Sprite] [catalogue] deleting index
[2013-10-02 14:19:24,470][INFO ][cluster.metadata         ] [Sprite] [catalogue] creating index, cause [api], shards [5]/[1], mappings []
[2013-10-02 14:19:24,729][INFO ][cluster.metadata         ] [Sprite] [catalogue] update_mapping [Catalogue] (dynamic)
[2013-10-02 14:22:46,074][INFO ][cluster.metadata         ] [Sprite] [catalogue] deleting index
[2013-10-02 14:22:46,176][INFO ][cluster.metadata         ] [Sprite] [catalogue] creating index, cause [api], shards [5]/[1], mappings []
[2013-10-02 14:22:46,306][INFO ][cluster.metadata         ] [Sprite] [catalogue] update_mapping [Catalogue] (dynamic)
[2013-10-02 14:23:13,911][INFO ][cluster.metadata         ] [Sprite] [catalogue] deleting index
[2013-10-02 14:23:13,980][INFO ][cluster.metadata         ] [Sprite] [catalogue] creating index, cause [api], shards [5]/[1], mappings []
[2013-10-02 14:23:14,141][INFO ][cluster.metadata         ] [Sprite] [catalogue] update_mapping [Catalogue] (dynamic)
[2013-10-02 14:23:14,150][INFO ][cluster.metadata         ] [Sprite] [catalogue] update_mapping [Catalogue] (dynamic)
[2013-10-02 14:24:59,249][INFO ][cluster.metadata         ] [Sprite] [catalogue] deleting index
[2013-10-02 14:24:59,317][INFO ][cluster.metadata         ] [Sprite] [catalogue] creating index, cause [api], shards [5]/[1], mappings []
[2013-10-02 14:24:59,414][INFO ][cluster.metadata         ] [Sprite] [catalogue] update_mapping [Catalogue] (dynamic)
[2013-10-02 14:25:36,701][INFO ][cluster.metadata         ] [Sprite] [catalogue] deleting index
[2013-10-02 14:25:36,772][INFO ][cluster.metadata         ] [Sprite] [catalogue] creating index, cause [api], shards [5]/[1], mappings []
[2013-10-02 14:25:36,892][INFO ][cluster.metadata         ] [Sprite] [catalogue] update_mapping [Catalogue] (dynamic)
[2013-10-02 14:29:08,940][INFO ][cluster.metadata         ] [Sprite] [catalogue] deleting index
[2013-10-02 14:29:09,010][INFO ][cluster.metadata         ] [Sprite] [catalogue] creating index, cause [api], shards [5]/[1], mappings []
[2013-10-02 14:29:09,157][INFO ][cluster.metadata         ] [Sprite] [catalogue] update_mapping [Catalogue] (dynamic)
[2013-10-02 14:29:29,764][INFO ][cluster.metadata         ] [Sprite] [catalogue] deleting index
[2013-10-02 14:29:29,833][INFO ][cluster.metadata         ] [Sprite] [catalogue] creating index, cause [api], shards [5]/[1], mappings []
[2013-10-02 14:29:29,980][INFO ][cluster.metadata         ] [Sprite] [catalogue] update_mapping [Catalogue] (dynamic)
[2013-10-02 14:29:41,165][INFO ][cluster.metadata         ] [Sprite] [catalogue] deleting index
[2013-10-02 14:29:41,273][INFO ][cluster.metadata         ] [Sprite] [catalogue] creating index, cause [api], shards [5]/[1], mappings []
[2013-10-02 14:29:41,393][INFO ][cluster.metadata         ] [Sprite] [catalogue] update_mapping [Catalogue] (dynamic)
[2013-10-02 14:30:07,134][INFO ][cluster.metadata         ] [Sprite] [catalogue] deleting index
[2013-10-02 14:30:07,196][INFO ][cluster.metadata         ] [Sprite] [catalogue] creating index, cause [api], shards [5]/[1], mappings []
[2013-10-02 14:30:07,341][INFO ][cluster.metadata         ] [Sprite] [catalogue] update_mapping [Catalogue] (dynamic)
[2013-10-02 14:30:07,351][INFO ][cluster.metadata         ] [Sprite] [catalogue] update_mapping [Catalogue] (dynamic)
[2013-10-02 14:30:13,223][INFO ][cluster.metadata         ] [Sprite] [catalogue] deleting index
[2013-10-02 14:30:13,281][INFO ][cluster.metadata         ] [Sprite] [catalogue] creating index, cause [api], shards [5]/[1], mappings []
[2013-10-02 14:30:13,382][INFO ][cluster.metadata         ] [Sprite] [catalogue] update_mapping [Catalogue] (dynamic)
[2013-10-02 14:30:29,505][INFO ][node                     ] [Sprite] stopping ...
[2013-10-02 14:30:29,553][INFO ][node                     ] [Sprite] stopped
[2013-10-02 14:30:29,553][INFO ][node                     ] [Sprite] closing ...
[2013-10-02 14:30:29,578][INFO ][node                     ] [Sprite] closed
[2013-10-02 14:36:45,332][WARN ][bootstrap                ] jvm uses the client vm, make sure to run `java` with the server vm for best performance by adding `-server` to the command line
[2013-10-02 14:36:45,429][INFO ][node                     ] [Ransak the Reject] version[0.90.5], pid[6112], build[c8714e8/2013-09-17T12:50:20Z]
[2013-10-02 14:36:45,429][INFO ][node                     ] [Ransak the Reject] initializing ...
[2013-10-02 14:36:45,435][INFO ][plugins                  ] [Ransak the Reject] loaded [], sites []
[2013-10-02 14:36:47,857][INFO ][node                     ] [Ransak the Reject] initialized
[2013-10-02 14:36:47,857][INFO ][node                     ] [Ransak the Reject] starting ...
[2013-10-02 14:36:48,004][INFO ][transport                ] [Ransak the Reject] bound_address {inet[/0:0:0:0:0:0:0:0:9300]}, publish_address {inet[/129.128.217.111:9300]}
[2013-10-02 14:36:51,049][INFO ][cluster.service          ] [Ransak the Reject] new_master [Ransak the Reject][Z7h44ho2TA2WTeLd5AGjGQ][inet[/129.128.217.111:9300]], reason: zen-disco-join (elected_as_master)
[2013-10-02 14:36:51,116][INFO ][discovery                ] [Ransak the Reject] elasticsearch/Z7h44ho2TA2WTeLd5AGjGQ
[2013-10-02 14:36:51,155][INFO ][http                     ] [Ransak the Reject] bound_address {inet[/0:0:0:0:0:0:0:0:9200]}, publish_address {inet[/129.128.217.111:9200]}
[2013-10-02 14:36:51,155][INFO ][node                     ] [Ransak the Reject] started
[2013-10-02 14:36:51,774][INFO ][gateway                  ] [Ransak the Reject] recovered [1] indices into cluster_state
[2013-10-02 14:37:30,003][INFO ][cluster.metadata         ] [Ransak the Reject] [catalogue] deleting index
[2013-10-02 14:37:30,119][INFO ][cluster.metadata         ] [Ransak the Reject] [catalogue] creating index, cause [api], shards [5]/[1], mappings []
[2013-10-02 14:37:30,299][INFO ][cluster.metadata         ] [Ransak the Reject] [catalogue] update_mapping [Catalogue] (dynamic)
[2013-10-02 14:40:46,369][WARN ][bootstrap                ] jvm uses the client vm, make sure to run `java` with the server vm for best performance by adding `-server` to the command line
[2013-10-02 14:40:46,479][INFO ][node                     ] [Bob] version[0.90.5], pid[6389], build[c8714e8/2013-09-17T12:50:20Z]
[2013-10-02 14:40:46,479][INFO ][node                     ] [Bob] initializing ...
[2013-10-02 14:40:46,486][INFO ][plugins                  ] [Bob] loaded [], sites []
[2013-10-02 14:40:49,037][INFO ][node                     ] [Bob] initialized
[2013-10-02 14:40:49,038][INFO ][node                     ] [Bob] starting ...
[2013-10-02 14:40:49,122][INFO ][transport                ] [Bob] bound_address {inet[/0:0:0:0:0:0:0:0:9301]}, publish_address {inet[/129.128.217.111:9301]}
[2013-10-02 14:40:52,215][INFO ][cluster.service          ] [Bob] new_master [Bob][maZKd6xYTySsePuQ8bV8Ow][inet[/129.128.217.111:9301]], reason: zen-disco-join (elected_as_master)
[2013-10-02 14:40:52,283][INFO ][discovery                ] [Bob] elasticsearch/maZKd6xYTySsePuQ8bV8Ow
[2013-10-02 14:40:52,321][ERROR][bootstrap                ] [Bob] {0.90.5}: Startup Failed ...
- BindHttpException[Failed to bind to [8983]]
	ChannelException[Failed to bind to: 0.0.0.0/0.0.0.0:8983]
		BindException[Address already in use]
[2013-10-02 14:40:52,326][INFO ][node                     ] [Bob] stopping ...
[2013-10-02 14:40:52,359][INFO ][gateway                  ] [Bob] recovered [0] indices into cluster_state
[2013-10-02 14:40:52,373][INFO ][node                     ] [Bob] stopped
[2013-10-02 14:40:52,373][INFO ][node                     ] [Bob] closing ...
[2013-10-02 14:40:52,378][INFO ][node                     ] [Bob] closed
[2013-10-02 14:41:13,498][WARN ][bootstrap                ] jvm uses the client vm, make sure to run `java` with the server vm for best performance by adding `-server` to the command line
[2013-10-02 14:41:13,592][INFO ][node                     ] [Victor von Doom] version[0.90.5], pid[6483], build[c8714e8/2013-09-17T12:50:20Z]
[2013-10-02 14:41:13,593][INFO ][node                     ] [Victor von Doom] initializing ...
[2013-10-02 14:41:13,599][INFO ][plugins                  ] [Victor von Doom] loaded [], sites []
[2013-10-02 14:41:15,977][INFO ][node                     ] [Victor von Doom] initialized
[2013-10-02 14:41:15,977][INFO ][node                     ] [Victor von Doom] starting ...
[2013-10-02 14:41:16,134][INFO ][transport                ] [Victor von Doom] bound_address {inet[/0:0:0:0:0:0:0:0:9300]}, publish_address {inet[/129.128.217.111:9300]}
[2013-10-02 14:41:19,178][INFO ][cluster.service          ] [Victor von Doom] new_master [Victor von Doom][pqAomflISECUzWeLs9z36g][inet[/129.128.217.111:9300]], reason: zen-disco-join (elected_as_master)
[2013-10-02 14:41:19,241][INFO ][discovery                ] [Victor von Doom] elasticsearch/pqAomflISECUzWeLs9z36g
[2013-10-02 14:41:19,284][ERROR][bootstrap                ] [Victor von Doom] {0.90.5}: Startup Failed ...
- BindHttpException[Failed to bind to [8983]]
	ChannelException[Failed to bind to: 0.0.0.0/0.0.0.0:8983]
		BindException[Address already in use]
[2013-10-02 14:41:19,290][INFO ][node                     ] [Victor von Doom] stopping ...
[2013-10-02 14:41:19,349][INFO ][gateway                  ] [Victor von Doom] recovered [1] indices into cluster_state
[2013-10-02 14:41:19,378][INFO ][node                     ] [Victor von Doom] stopped
[2013-10-02 14:41:19,379][INFO ][node                     ] [Victor von Doom] closing ...
[2013-10-02 14:41:19,388][INFO ][node                     ] [Victor von Doom] closed
[2013-10-02 14:41:49,709][WARN ][bootstrap                ] jvm uses the client vm, make sure to run `java` with the server vm for best performance by adding `-server` to the command line
[2013-10-02 14:41:49,804][INFO ][node                     ] [Mace, Gideon] version[0.90.5], pid[6596], build[c8714e8/2013-09-17T12:50:20Z]
[2013-10-02 14:41:49,805][INFO ][node                     ] [Mace, Gideon] initializing ...
[2013-10-02 14:41:49,811][INFO ][plugins                  ] [Mace, Gideon] loaded [], sites []
[2013-10-02 14:41:52,264][INFO ][node                     ] [Mace, Gideon] initialized
[2013-10-02 14:41:52,264][INFO ][node                     ] [Mace, Gideon] starting ...
[2013-10-02 14:41:52,415][INFO ][transport                ] [Mace, Gideon] bound_address {inet[/0:0:0:0:0:0:0:0:9300]}, publish_address {inet[/129.128.217.111:9300]}
[2013-10-02 14:41:55,464][INFO ][cluster.service          ] [Mace, Gideon] new_master [Mace, Gideon][ECoFZ7L9SjaqYIUiqf82Og][inet[/129.128.217.111:9300]], reason: zen-disco-join (elected_as_master)
[2013-10-02 14:41:55,534][INFO ][discovery                ] [Mace, Gideon] elasticsearch/ECoFZ7L9SjaqYIUiqf82Og
[2013-10-02 14:41:55,570][INFO ][http                     ] [Mace, Gideon] bound_address {inet[/0:0:0:0:0:0:0:0:8983]}, publish_address {inet[/129.128.217.111:8983]}
[2013-10-02 14:41:55,570][INFO ][node                     ] [Mace, Gideon] started
[2013-10-02 14:41:56,212][INFO ][gateway                  ] [Mace, Gideon] recovered [1] indices into cluster_state
[2013-10-02 14:42:33,921][INFO ][node                     ] [Mace, Gideon] stopping ...
[2013-10-02 14:42:33,975][INFO ][node                     ] [Mace, Gideon] stopped
[2013-10-02 14:42:33,975][INFO ][node                     ] [Mace, Gideon] closing ...
[2013-10-02 14:42:33,984][INFO ][node                     ] [Mace, Gideon] closed
[2013-10-02 14:43:10,373][WARN ][bootstrap                ] jvm uses the client vm, make sure to run `java` with the server vm for best performance by adding `-server` to the command line
[2013-10-02 14:43:10,466][INFO ][node                     ] [Astrid Bloom] version[0.90.5], pid[6798], build[c8714e8/2013-09-17T12:50:20Z]
[2013-10-02 14:43:10,466][INFO ][node                     ] [Astrid Bloom] initializing ...
[2013-10-02 14:43:10,472][INFO ][plugins                  ] [Astrid Bloom] loaded [], sites []
[2013-10-02 14:43:12,953][INFO ][node                     ] [Astrid Bloom] initialized
[2013-10-02 14:43:12,953][INFO ][node                     ] [Astrid Bloom] starting ...
[2013-10-02 14:43:13,100][INFO ][transport                ] [Astrid Bloom] bound_address {inet[/0:0:0:0:0:0:0:0:9300]}, publish_address {inet[/129.128.217.111:9300]}
[2013-10-02 14:43:16,146][INFO ][cluster.service          ] [Astrid Bloom] new_master [Astrid Bloom][XcMSnN5FTG-4f_UpdI6Uhw][inet[/129.128.217.111:9300]], reason: zen-disco-join (elected_as_master)
[2013-10-02 14:43:16,213][INFO ][discovery                ] [Astrid Bloom] elasticsearch/XcMSnN5FTG-4f_UpdI6Uhw
[2013-10-02 14:43:16,251][INFO ][http                     ] [Astrid Bloom] bound_address {inet[/0:0:0:0:0:0:0:0:9200]}, publish_address {inet[/129.128.217.111:9200]}
[2013-10-02 14:43:16,251][INFO ][node                     ] [Astrid Bloom] started
[2013-10-02 14:43:16,910][INFO ][gateway                  ] [Astrid Bloom] recovered [1] indices into cluster_state
[2013-10-02 14:44:04,685][INFO ][cluster.metadata         ] [Astrid Bloom] [catalogue] deleting index
[2013-10-02 14:44:04,781][INFO ][cluster.metadata         ] [Astrid Bloom] [catalogue] creating index, cause [api], shards [5]/[1], mappings []
[2013-10-02 14:44:05,068][INFO ][cluster.metadata         ] [Astrid Bloom] [catalogue] update_mapping [Catalogue] (dynamic)
[2013-10-02 14:51:11,875][WARN ][bootstrap                ] jvm uses the client vm, make sure to run `java` with the server vm for best performance by adding `-server` to the command line
[2013-10-02 14:51:11,967][INFO ][node                     ] [Hoder] version[0.90.5], pid[7178], build[c8714e8/2013-09-17T12:50:20Z]
[2013-10-02 14:51:11,968][INFO ][node                     ] [Hoder] initializing ...
[2013-10-02 14:51:11,973][INFO ][plugins                  ] [Hoder] loaded [], sites []
[2013-10-02 14:51:14,342][WARN ][bootstrap                ] jvm uses the client vm, make sure to run `java` with the server vm for best performance by adding `-server` to the command line
[2013-10-02 14:51:14,436][INFO ][node                     ] [Gravity] version[0.90.5], pid[7205], build[c8714e8/2013-09-17T12:50:20Z]
[2013-10-02 14:51:14,436][INFO ][node                     ] [Gravity] initializing ...
[2013-10-02 14:51:14,442][INFO ][plugins                  ] [Gravity] loaded [], sites []
[2013-10-02 14:51:16,807][INFO ][node                     ] [Gravity] initialized
[2013-10-02 14:51:16,807][INFO ][node                     ] [Gravity] starting ...
[2013-10-02 14:51:16,948][INFO ][transport                ] [Gravity] bound_address {inet[/0:0:0:0:0:0:0:0:9301]}, publish_address {inet[/129.128.217.111:9301]}
[2013-10-02 14:51:19,995][INFO ][cluster.service          ] [Gravity] new_master [Gravity][H7z2DQ5qQuOhpKE4WOMPaA][inet[/129.128.217.111:9301]], reason: zen-disco-join (elected_as_master)
[2013-10-02 14:51:20,057][INFO ][discovery                ] [Gravity] elasticsearch/H7z2DQ5qQuOhpKE4WOMPaA
[2013-10-02 14:51:20,094][INFO ][http                     ] [Gravity] bound_address {inet[/0:0:0:0:0:0:0:0:9201]}, publish_address {inet[/129.128.217.111:9201]}
[2013-10-02 14:51:20,094][INFO ][node                     ] [Gravity] started
[2013-10-02 14:51:20,132][INFO ][gateway                  ] [Gravity] recovered [0] indices into cluster_state
[2013-10-02 14:52:02,154][INFO ][cluster.metadata         ] [Astrid Bloom] [catalogue] deleting index
[2013-10-02 14:52:02,247][INFO ][cluster.metadata         ] [Astrid Bloom] [catalogue] creating index, cause [api], shards [5]/[1], mappings []
[2013-10-02 14:52:02,371][INFO ][cluster.metadata         ] [Astrid Bloom] [catalogue] update_mapping [Catalogue] (dynamic)
[2013-10-02 14:52:07,504][INFO ][cluster.metadata         ] [Astrid Bloom] [catalogue] deleting index
[2013-10-02 14:52:07,569][INFO ][cluster.metadata         ] [Astrid Bloom] [catalogue] creating index, cause [api], shards [5]/[1], mappings []
[2013-10-02 14:52:32,293][INFO ][cluster.metadata         ] [Astrid Bloom] [catalogue] deleting index
[2013-10-02 14:52:32,390][INFO ][cluster.metadata         ] [Astrid Bloom] [catalogue] creating index, cause [api], shards [5]/[1], mappings []
[2013-10-02 14:52:32,497][INFO ][cluster.metadata         ] [Astrid Bloom] [catalogue] update_mapping [Catalogue] (dynamic)
[2013-10-02 14:52:38,607][INFO ][cluster.metadata         ] [Astrid Bloom] [catalogue] deleting index
[2013-10-02 14:52:38,645][INFO ][cluster.metadata         ] [Astrid Bloom] [catalogue] creating index, cause [api], shards [5]/[1], mappings []
[2013-10-02 14:55:06,958][INFO ][cluster.metadata         ] [Astrid Bloom] [catalogue] deleting index
[2013-10-02 14:55:07,030][INFO ][cluster.metadata         ] [Astrid Bloom] [catalogue] creating index, cause [api], shards [5]/[1], mappings []
[2013-10-02 14:55:07,180][INFO ][cluster.metadata         ] [Astrid Bloom] [catalogue] update_mapping [Catalogue] (dynamic)
[2013-10-02 14:55:13,632][INFO ][cluster.metadata         ] [Astrid Bloom] [catalogue] deleting index
[2013-10-02 14:55:13,683][INFO ][cluster.metadata         ] [Astrid Bloom] [catalogue] creating index, cause [api], shards [5]/[1], mappings []
[2013-10-02 14:58:42,917][INFO ][cluster.metadata         ] [Astrid Bloom] [catalogue] deleting index
[2013-10-02 14:58:43,025][INFO ][cluster.metadata         ] [Astrid Bloom] [catalogue] creating index, cause [api], shards [5]/[1], mappings []
[2013-10-02 14:58:43,166][INFO ][cluster.metadata         ] [Astrid Bloom] [catalogue] update_mapping [Catalogue] (dynamic)
[2013-10-02 14:58:49,468][INFO ][cluster.metadata         ] [Astrid Bloom] [catalogue] deleting index
[2013-10-02 14:58:49,510][INFO ][cluster.metadata         ] [Astrid Bloom] [catalogue] creating index, cause [api], shards [5]/[1], mappings []
[2013-10-02 15:00:20,786][INFO ][cluster.metadata         ] [Astrid Bloom] [catalogue] deleting index
[2013-10-02 15:00:20,844][INFO ][cluster.metadata         ] [Astrid Bloom] [catalogue] creating index, cause [api], shards [5]/[1], mappings []
[2013-10-02 15:00:20,985][INFO ][cluster.metadata         ] [Astrid Bloom] [catalogue] update_mapping [Catalogue] (dynamic)
[2013-10-02 15:00:27,251][INFO ][cluster.metadata         ] [Astrid Bloom] [catalogue] deleting index
[2013-10-02 15:00:27,284][INFO ][cluster.metadata         ] [Astrid Bloom] [catalogue] creating index, cause [api], shards [5]/[1], mappings []
[2013-10-02 15:02:29,986][INFO ][cluster.metadata         ] [Astrid Bloom] [catalogue] deleting index
[2013-10-02 15:02:30,041][INFO ][cluster.metadata         ] [Astrid Bloom] [catalogue] creating index, cause [api], shards [5]/[1], mappings []
[2013-10-02 15:02:30,171][INFO ][cluster.metadata         ] [Astrid Bloom] [catalogue] update_mapping [Catalogue] (dynamic)
[2013-10-02 15:02:36,355][INFO ][cluster.metadata         ] [Astrid Bloom] [catalogue] deleting index
[2013-10-02 15:02:36,385][INFO ][cluster.metadata         ] [Astrid Bloom] [catalogue] creating index, cause [api], shards [5]/[1], mappings []
[2013-10-02 15:04:31,551][INFO ][cluster.metadata         ] [Astrid Bloom] [catalogue] deleting index
[2013-10-02 15:04:31,602][INFO ][cluster.metadata         ] [Astrid Bloom] [catalogue] creating index, cause [api], shards [5]/[1], mappings []
[2013-10-02 15:04:31,730][INFO ][cluster.metadata         ] [Astrid Bloom] [catalogue] update_mapping [Catalogue] (dynamic)
[2013-10-02 15:04:38,580][INFO ][cluster.metadata         ] [Astrid Bloom] [catalogue] deleting index
[2013-10-02 15:04:38,614][INFO ][cluster.metadata         ] [Astrid Bloom] [catalogue] creating index, cause [api], shards [5]/[1], mappings []
[2013-10-02 15:04:57,689][INFO ][cluster.metadata         ] [Astrid Bloom] [catalogue] deleting index
[2013-10-02 15:04:57,738][INFO ][cluster.metadata         ] [Astrid Bloom] [catalogue] creating index, cause [api], shards [5]/[1], mappings []
[2013-10-02 15:04:57,840][INFO ][cluster.metadata         ] [Astrid Bloom] [catalogue] update_mapping [Catalogue] (dynamic)
[2013-10-02 15:05:04,742][INFO ][cluster.metadata         ] [Astrid Bloom] [catalogue] deleting index
[2013-10-02 15:05:04,775][INFO ][cluster.metadata         ] [Astrid Bloom] [catalogue] creating index, cause [api], shards [5]/[1], mappings []
[2013-10-02 15:05:22,149][INFO ][cluster.metadata         ] [Astrid Bloom] [catalogue] deleting index
[2013-10-02 15:05:22,219][INFO ][cluster.metadata         ] [Astrid Bloom] [catalogue] creating index, cause [api], shards [5]/[1], mappings []
[2013-10-02 15:05:22,319][INFO ][cluster.metadata         ] [Astrid Bloom] [catalogue] update_mapping [Catalogue] (dynamic)
[2013-10-02 15:05:29,375][INFO ][cluster.metadata         ] [Astrid Bloom] [catalogue] deleting index
[2013-10-02 15:05:29,404][INFO ][cluster.metadata         ] [Astrid Bloom] [catalogue] creating index, cause [api], shards [5]/[1], mappings []
[2013-10-02 15:07:35,618][INFO ][cluster.metadata         ] [Astrid Bloom] [catalogue] deleting index
[2013-10-02 15:07:35,674][INFO ][cluster.metadata         ] [Astrid Bloom] [catalogue] creating index, cause [api], shards [5]/[1], mappings []
[2013-10-02 15:07:35,807][INFO ][cluster.metadata         ] [Astrid Bloom] [catalogue] update_mapping [Catalogue] (dynamic)
[2013-10-02 15:07:42,834][INFO ][cluster.metadata         ] [Astrid Bloom] [catalogue] deleting index
[2013-10-02 15:07:42,866][INFO ][cluster.metadata         ] [Astrid Bloom] [catalogue] creating index, cause [api], shards [5]/[1], mappings []
[2013-10-02 15:08:15,988][INFO ][cluster.metadata         ] [Astrid Bloom] [catalogue] deleting index
[2013-10-02 15:08:16,038][INFO ][cluster.metadata         ] [Astrid Bloom] [catalogue] creating index, cause [api], shards [5]/[1], mappings []
[2013-10-02 15:08:16,170][INFO ][cluster.metadata         ] [Astrid Bloom] [catalogue] update_mapping [Catalogue] (dynamic)
[2013-10-02 15:08:23,283][INFO ][cluster.metadata         ] [Astrid Bloom] [catalogue] deleting index
[2013-10-02 15:08:23,314][INFO ][cluster.metadata         ] [Astrid Bloom] [catalogue] creating index, cause [api], shards [5]/[1], mappings []
[2013-10-02 15:08:23,419][INFO ][cluster.metadata         ] [Astrid Bloom] [catalogue] deleting index
[2013-10-02 15:08:23,444][INFO ][cluster.metadata         ] [Astrid Bloom] [catalogue] creating index, cause [api], shards [5]/[1], mappings []
[2013-10-02 15:12:29,945][INFO ][cluster.metadata         ] [Astrid Bloom] [catalogue] deleting index
[2013-10-02 15:12:29,992][INFO ][cluster.metadata         ] [Astrid Bloom] [catalogue] creating index, cause [api], shards [5]/[1], mappings []
[2013-10-02 15:12:30,088][INFO ][cluster.metadata         ] [Astrid Bloom] [catalogue] update_mapping [Catalogue] (dynamic)
[2013-10-02 15:12:37,104][INFO ][cluster.metadata         ] [Astrid Bloom] [catalogue] deleting index
[2013-10-02 15:12:37,135][INFO ][cluster.metadata         ] [Astrid Bloom] [catalogue] creating index, cause [api], shards [5]/[1], mappings []
[2013-10-02 15:13:23,794][INFO ][cluster.metadata         ] [Astrid Bloom] [catalogue] deleting index
[2013-10-02 15:13:23,843][INFO ][cluster.metadata         ] [Astrid Bloom] [catalogue] creating index, cause [api], shards [5]/[1], mappings []
[2013-10-02 15:13:23,951][INFO ][cluster.metadata         ] [Astrid Bloom] [catalogue] update_mapping [Catalogue] (dynamic)
[2013-10-02 15:13:29,850][INFO ][cluster.metadata         ] [Astrid Bloom] [catalogue] deleting index
[2013-10-02 15:13:29,879][INFO ][cluster.metadata         ] [Astrid Bloom] [catalogue] creating index, cause [api], shards [5]/[1], mappings []
[2013-10-02 15:14:25,058][INFO ][cluster.metadata         ] [Astrid Bloom] [catalogue] deleting index
[2013-10-02 15:14:25,106][INFO ][cluster.metadata         ] [Astrid Bloom] [catalogue] creating index, cause [api], shards [5]/[1], mappings []
[2013-10-02 15:14:25,217][INFO ][cluster.metadata         ] [Astrid Bloom] [catalogue] update_mapping [Catalogue] (dynamic)
[2013-10-02 15:15:03,027][INFO ][cluster.metadata         ] [Astrid Bloom] [catalogue] deleting index
[2013-10-02 15:15:03,081][INFO ][cluster.metadata         ] [Astrid Bloom] [catalogue] creating index, cause [api], shards [5]/[1], mappings []
[2013-10-02 15:15:03,190][INFO ][cluster.metadata         ] [Astrid Bloom] [catalogue] update_mapping [Catalogue] (dynamic)
[2013-10-02 15:15:03,197][INFO ][cluster.metadata         ] [Astrid Bloom] [catalogue] update_mapping [Catalogue] (dynamic)
[2013-10-02 15:15:53,965][INFO ][cluster.metadata         ] [Astrid Bloom] [catalogue] deleting index
[2013-10-02 15:15:54,015][INFO ][cluster.metadata         ] [Astrid Bloom] [catalogue] creating index, cause [api], shards [5]/[1], mappings []
[2013-10-02 15:15:54,143][INFO ][cluster.metadata         ] [Astrid Bloom] [catalogue] update_mapping [Catalogue] (dynamic)
[2013-10-02 15:15:54,156][INFO ][cluster.metadata         ] [Astrid Bloom] [catalogue] update_mapping [Catalogue] (dynamic)
[2013-10-02 15:15:55,506][INFO ][cluster.metadata         ] [Astrid Bloom] [catalogue] deleting index
[2013-10-02 15:15:55,609][INFO ][cluster.metadata         ] [Astrid Bloom] [catalogue] creating index, cause [api], shards [5]/[1], mappings []
[2013-10-02 15:15:55,731][INFO ][cluster.metadata         ] [Astrid Bloom] [catalogue] update_mapping [Catalogue] (dynamic)
[2013-10-02 15:15:55,740][INFO ][cluster.metadata         ] [Astrid Bloom] [catalogue] update_mapping [Catalogue] (dynamic)
[2013-10-02 15:17:58,198][INFO ][node                     ] [Gravity] stopping ...
[2013-10-02 15:17:58,232][INFO ][node                     ] [Gravity] stopped
[2013-10-02 15:17:58,233][INFO ][node                     ] [Gravity] closing ...
[2013-10-02 15:17:58,243][INFO ][node                     ] [Gravity] closed
[2013-10-02 15:18:06,149][WARN ][bootstrap                ] jvm uses the client vm, make sure to run `java` with the server vm for best performance by adding `-server` to the command line
[2013-10-02 15:18:06,245][INFO ][node                     ] [Solarman] version[0.90.5], pid[8695], build[c8714e8/2013-09-17T12:50:20Z]
[2013-10-02 15:18:06,245][INFO ][node                     ] [Solarman] initializing ...
[2013-10-02 15:18:06,252][INFO ][plugins                  ] [Solarman] loaded [], sites []
[2013-10-02 15:18:08,749][INFO ][node                     ] [Solarman] initialized
[2013-10-02 15:18:08,749][INFO ][node                     ] [Solarman] starting ...
[2013-10-02 15:18:08,885][INFO ][transport                ] [Solarman] bound_address {inet[/0:0:0:0:0:0:0:0:9301]}, publish_address {inet[/129.128.217.111:9301]}
[2013-10-02 15:18:11,930][INFO ][cluster.service          ] [Solarman] new_master [Solarman][Nj-nvLntRIyATHwT2jWp4A][inet[/129.128.217.111:9301]], reason: zen-disco-join (elected_as_master)
[2013-10-02 15:18:11,992][INFO ][discovery                ] [Solarman] elasticsearch/Nj-nvLntRIyATHwT2jWp4A
[2013-10-02 15:18:12,030][INFO ][http                     ] [Solarman] bound_address {inet[/0:0:0:0:0:0:0:0:9201]}, publish_address {inet[/129.128.217.111:9201]}
[2013-10-02 15:18:12,030][INFO ][node                     ] [Solarman] started
[2013-10-02 15:18:12,062][INFO ][gateway                  ] [Solarman] recovered [0] indices into cluster_state
[2013-10-02 15:18:38,506][INFO ][cluster.metadata         ] [Astrid Bloom] [catalogue] deleting index
[2013-10-02 15:18:38,571][INFO ][cluster.metadata         ] [Astrid Bloom] [catalogue] creating index, cause [api], shards [5]/[1], mappings []
[2013-10-02 15:18:38,684][INFO ][cluster.metadata         ] [Astrid Bloom] [catalogue] update_mapping [Catalogue] (dynamic)
[2013-10-02 15:18:38,693][INFO ][cluster.metadata         ] [Astrid Bloom] [catalogue] update_mapping [Catalogue] (dynamic)
[2013-10-02 15:18:42,019][INFO ][cluster.metadata         ] [Astrid Bloom] [catalogue] deleting index
[2013-10-02 15:18:42,105][INFO ][cluster.metadata         ] [Astrid Bloom] [catalogue] creating index, cause [api], shards [5]/[1], mappings []
[2013-10-02 15:18:42,251][INFO ][cluster.metadata         ] [Astrid Bloom] [catalogue] update_mapping [Catalogue] (dynamic)
[2013-10-02 15:19:21,232][INFO ][cluster.metadata         ] [Astrid Bloom] [catalogue] deleting index
[2013-10-02 15:19:21,283][INFO ][cluster.metadata         ] [Astrid Bloom] [catalogue] creating index, cause [api], shards [5]/[1], mappings []
[2013-10-02 15:19:21,368][INFO ][cluster.metadata         ] [Astrid Bloom] [catalogue] update_mapping [Catalogue] (dynamic)
[2013-10-02 15:19:47,623][INFO ][cluster.metadata         ] [Astrid Bloom] [catalogue] deleting index
[2013-10-02 15:19:47,675][INFO ][cluster.metadata         ] [Astrid Bloom] [catalogue] creating index, cause [api], shards [5]/[1], mappings []
[2013-10-02 15:19:47,749][INFO ][cluster.metadata         ] [Astrid Bloom] [catalogue] update_mapping [Catalogue] (dynamic)
[2013-10-02 15:20:00,617][INFO ][cluster.metadata         ] [Astrid Bloom] [catalogue] deleting index
[2013-10-02 15:20:00,668][INFO ][cluster.metadata         ] [Astrid Bloom] [catalogue] creating index, cause [api], shards [5]/[1], mappings []
[2013-10-02 15:20:00,798][INFO ][cluster.metadata         ] [Astrid Bloom] [catalogue] update_mapping [Catalogue] (dynamic)
[2013-10-02 15:27:14,242][INFO ][node                     ] [Solarman] stopping ...
[2013-10-02 15:27:14,277][INFO ][node                     ] [Solarman] stopped
[2013-10-02 15:27:14,277][INFO ][node                     ] [Solarman] closing ...
[2013-10-02 15:27:14,288][INFO ][node                     ] [Solarman] closed
[2013-10-02 15:40:29,495][WARN ][bootstrap                ] jvm uses the client vm, make sure to run `java` with the server vm for best performance by adding `-server` to the command line
[2013-10-02 15:40:29,592][INFO ][node                     ] [Douglock] version[0.90.5], pid[9515], build[c8714e8/2013-09-17T12:50:20Z]
[2013-10-02 15:40:29,592][INFO ][node                     ] [Douglock] initializing ...
[2013-10-02 15:40:29,599][INFO ][plugins                  ] [Douglock] loaded [], sites []
[2013-10-02 15:40:31,952][INFO ][node                     ] [Douglock] initialized
[2013-10-02 15:40:31,953][INFO ][node                     ] [Douglock] starting ...
[2013-10-02 15:40:32,099][INFO ][transport                ] [Douglock] bound_address {inet[/0:0:0:0:0:0:0:0:9301]}, publish_address {inet[/129.128.217.111:9301]}
[2013-10-02 15:40:35,150][INFO ][cluster.service          ] [Douglock] new_master [Douglock][Z7hIkA0NTxGEx5NpbRyIAQ][inet[/129.128.217.111:9301]], reason: zen-disco-join (elected_as_master)
[2013-10-02 15:40:35,256][INFO ][discovery                ] [Douglock] elasticsearch/Z7hIkA0NTxGEx5NpbRyIAQ
[2013-10-02 15:40:35,305][INFO ][http                     ] [Douglock] bound_address {inet[/0:0:0:0:0:0:0:0:9201]}, publish_address {inet[/129.128.217.111:9201]}
[2013-10-02 15:40:35,305][INFO ][node                     ] [Douglock] started
[2013-10-02 15:40:35,347][INFO ][gateway                  ] [Douglock] recovered [0] indices into cluster_state
[2013-10-02 15:53:32,977][INFO ][cluster.metadata         ] [Astrid Bloom] [catalogue] deleting index
[2013-10-02 15:53:33,028][INFO ][cluster.metadata         ] [Astrid Bloom] [catalogue] creating index, cause [api], shards [5]/[1], mappings []
[2013-10-02 15:53:33,131][INFO ][cluster.metadata         ] [Astrid Bloom] [catalogue] update_mapping [Catalogue] (dynamic)
[2013-10-02 15:53:33,136][INFO ][cluster.metadata         ] [Astrid Bloom] [catalogue] update_mapping [Catalogue] (dynamic)
[2013-10-02 15:54:35,600][INFO ][cluster.metadata         ] [Astrid Bloom] [catalogue] deleting index
[2013-10-02 15:54:35,653][INFO ][cluster.metadata         ] [Astrid Bloom] [catalogue] creating index, cause [api], shards [5]/[1], mappings []
[2013-10-02 15:54:35,763][INFO ][cluster.metadata         ] [Astrid Bloom] [catalogue] update_mapping [Catalogue] (dynamic)
[2013-10-02 15:54:35,767][INFO ][cluster.metadata         ] [Astrid Bloom] [catalogue] update_mapping [Catalogue] (dynamic)
[2013-10-02 15:54:37,173][INFO ][cluster.metadata         ] [Astrid Bloom] [catalogue] deleting index
[2013-10-02 15:54:37,268][INFO ][cluster.metadata         ] [Astrid Bloom] [catalogue] creating index, cause [api], shards [5]/[1], mappings []
[2013-10-02 15:54:37,400][INFO ][cluster.metadata         ] [Astrid Bloom] [catalogue] update_mapping [Catalogue] (dynamic)
[2013-10-02 15:54:37,409][INFO ][cluster.metadata         ] [Astrid Bloom] [catalogue] update_mapping [Catalogue] (dynamic)
[2013-10-02 16:04:05,395][INFO ][node                     ] [Douglock] stopping ...
[2013-10-02 16:04:05,430][INFO ][node                     ] [Douglock] stopped
[2013-10-02 16:04:05,430][INFO ][node                     ] [Douglock] closing ...
[2013-10-02 16:04:05,440][INFO ][node                     ] [Douglock] closed
[2013-10-02 16:05:03,291][WARN ][bootstrap                ] jvm uses the client vm, make sure to run `java` with the server vm for best performance by adding `-server` to the command line
[2013-10-02 16:05:03,467][INFO ][node                     ] [Maximoff, Pietro] version[0.90.5], pid[10233], build[c8714e8/2013-09-17T12:50:20Z]
[2013-10-02 16:05:03,467][INFO ][node                     ] [Maximoff, Pietro] initializing ...
[2013-10-02 16:05:03,477][INFO ][plugins                  ] [Maximoff, Pietro] loaded [], sites []
[2013-10-02 16:05:05,975][INFO ][node                     ] [Maximoff, Pietro] initialized
[2013-10-02 16:05:05,975][INFO ][node                     ] [Maximoff, Pietro] starting ...
[2013-10-02 16:05:06,065][INFO ][transport                ] [Maximoff, Pietro] bound_address {inet[/0:0:0:0:0:0:0:0:9301]}, publish_address {inet[/129.128.217.111:9301]}
[2013-10-02 16:05:09,173][INFO ][cluster.service          ] [Maximoff, Pietro] new_master [Maximoff, Pietro][3-KfTErpTtWFGieuLbSRng][inet[/129.128.217.111:9301]], reason: zen-disco-join (elected_as_master)
[2013-10-02 16:05:09,238][INFO ][discovery                ] [Maximoff, Pietro] elasticsearch/3-KfTErpTtWFGieuLbSRng
[2013-10-02 16:05:09,276][INFO ][http                     ] [Maximoff, Pietro] bound_address {inet[/0:0:0:0:0:0:0:0:9201]}, publish_address {inet[/129.128.217.111:9201]}
[2013-10-02 16:05:09,280][INFO ][node                     ] [Maximoff, Pietro] started
[2013-10-02 16:05:09,321][INFO ][gateway                  ] [Maximoff, Pietro] recovered [0] indices into cluster_state
[2013-10-02 16:05:58,716][INFO ][cluster.metadata         ] [Astrid Bloom] [catalogue] deleting index
[2013-10-02 16:05:58,818][INFO ][cluster.metadata         ] [Astrid Bloom] [catalogue] creating index, cause [api], shards [5]/[1], mappings []
[2013-10-02 16:05:58,939][INFO ][cluster.metadata         ] [Astrid Bloom] [catalogue] update_mapping [Catalogue] (dynamic)
[2013-10-02 16:24:41,635][INFO ][node                     ] [Maximoff, Pietro] stopping ...
[2013-10-02 16:24:41,669][INFO ][node                     ] [Maximoff, Pietro] stopped
[2013-10-02 16:24:41,669][INFO ][node                     ] [Maximoff, Pietro] closing ...
[2013-10-02 16:24:41,680][INFO ][node                     ] [Maximoff, Pietro] closed
